#
# There is insufficient memory for the Java Runtime Environment to continue.
# Native memory allocation (malloc) failed to allocate 2668496 bytes for Chunk::new
# Possible reasons:
#   The system is out of physical RAM or swap space
#   The process is running with CompressedOops enabled, and the Java Heap may be blocking the growth of the native heap
# Possible solutions:
#   Reduce memory load on the system
#   Increase physical memory or swap space
#   Check if swap backing store is full
#   Decrease Java heap size (-Xmx/-Xms)
#   Decrease number of Java threads
#   Decrease Java thread stack sizes (-Xss)
#   Set larger code cache with -XX:ReservedCodeCacheSize=
#   JVM is running with Unscaled Compressed Oops mode in which the Java heap is
#     placed in the first 4GB address space. The Java Heap base address is the
#     maximum limit for the native heap growth. Please use -XX:HeapBaseMinAddress
#     to set the Java Heap base and to place the Java Heap above 4GB virtual address.
# This output file may be truncated or incomplete.
#
#  Out of Memory Error (allocation.cpp:389), pid=13840, tid=0x000000000000229c
#
# JRE version: OpenJDK Runtime Environment (8.0_212-b04) (build 1.8.0_212-release-1586-b04)
# Java VM: OpenJDK 64-Bit Server VM (25.212-b04 mixed mode windows-amd64 compressed oops)
# Failed to write core dump. Minidumps are not enabled by default on client versions of Windows
#

---------------  T H R E A D  ---------------

Current thread (0x00000000160d0000):  JavaThread "C2 CompilerThread0" daemon [_thread_in_native, id=8860, stack(0x0000000017d60000,0x0000000017e60000)]

Stack: [0x0000000017d60000,0x0000000017e60000]
[error occurred during error reporting (printing stack bounds), id 0xc0000005]

Native frames: (J=compiled Java code, j=interpreted, Vv=VM code, C=native code)


Current CompileTask:
C2:  17851 10647 %     4       com.android.tools.r8.ir.regalloc.LinearScanRegisterAllocator::a @ 1194 (1738 bytes)


---------------  P R O C E S S  ---------------

Java Threads: ( => current thread )
  0x000000001d945800 JavaThread "Cache worker for execution history cache (D:\Desktop\Android Projects\Architectures-Example\.gradle\5.4.1\executionHistory)" [_thread_blocked, id=16152, stack(0x00000000240e0000,0x00000000241e0000)]
  0x0000000019c03000 JavaThread "Execution worker for ':' Thread 5" [_thread_blocked, id=15352, stack(0x0000000023de0000,0x0000000023ee0000)]
  0x0000000019c05800 JavaThread "Execution worker for ':' Thread 4" [_thread_blocked, id=17076, stack(0x0000000023ce0000,0x0000000023de0000)]
  0x0000000019c04800 JavaThread "Execution worker for ':' Thread 3" [_thread_blocked, id=8120, stack(0x0000000023be0000,0x0000000023ce0000)]
  0x0000000019c02800 JavaThread "Execution worker for ':' Thread 2" [_thread_blocked, id=10812, stack(0x0000000023ae0000,0x0000000023be0000)]
  0x0000000019c04000 JavaThread "Execution worker for ':'" [_thread_in_Java, id=2944, stack(0x00000000239e0000,0x0000000023ae0000)]
  0x0000000019bfa000 JavaThread "Cache worker for file content cache (D:\Desktop\Android Projects\Architectures-Example\.gradle\5.4.1\fileContent)" [_thread_blocked, id=11348, stack(0x00000000234e0000,0x00000000235e0000)]
  0x0000000019c01000 JavaThread "Cache worker for file content cache (C:\Users\Admin\.gradle\caches\5.4.1\fileContent)" [_thread_blocked, id=8176, stack(0x00000000233e0000,0x00000000234e0000)]
  0x0000000019c00000 JavaThread "Memory manager" [_thread_blocked, id=9988, stack(0x00000000232e0000,0x00000000233e0000)]
  0x0000000019bfe800 JavaThread "Cache worker for Build Output Cleanup Cache (D:\Desktop\Android Projects\Architectures-Example\.gradle\buildOutputCleanup)" [_thread_blocked, id=536, stack(0x00000000227e0000,0x00000000228e0000)]
  0x0000000019bf7000 JavaThread "Build operations Thread 6" [_thread_blocked, id=14944, stack(0x0000000020ef0000,0x0000000020ff0000)]
  0x0000000019bf8000 JavaThread "Build operations Thread 5" [_thread_blocked, id=3588, stack(0x0000000020df0000,0x0000000020ef0000)]
  0x0000000019bfe000 JavaThread "Build operations Thread 4" [_thread_blocked, id=952, stack(0x0000000020cf0000,0x0000000020df0000)]
  0x0000000019bf6800 JavaThread "Build operations Thread 3" [_thread_blocked, id=10728, stack(0x0000000020bf0000,0x0000000020cf0000)]
  0x0000000019bfd000 JavaThread "Build operations Thread 2" [_thread_blocked, id=12304, stack(0x0000000020af0000,0x0000000020bf0000)]
  0x0000000019bf9800 JavaThread "Build operations" [_thread_blocked, id=616, stack(0x00000000209f0000,0x0000000020af0000)]
  0x0000000019bfb800 JavaThread "Cache worker for execution history cache (C:\Users\Admin\.gradle\caches\5.4.1\executionHistory)" [_thread_blocked, id=14580, stack(0x00000000208f0000,0x00000000209f0000)]
  0x0000000019bf8800 JavaThread "Cache worker for cache directory md-rule (C:\Users\Admin\.gradle\caches\5.4.1\md-rule)" [_thread_blocked, id=6420, stack(0x00000000207f0000,0x00000000208f0000)]
  0x00000000199d1800 JavaThread "Cache worker for cache directory md-supplier (C:\Users\Admin\.gradle\caches\5.4.1\md-supplier)" [_thread_blocked, id=4600, stack(0x000000001f0d0000,0x000000001f1d0000)]
  0x00000000199d3800 JavaThread "Cache worker for file hash cache (D:\Desktop\Android Projects\Architectures-Example\.gradle\5.4.1\fileHashes)" [_thread_blocked, id=11692, stack(0x000000001ebd0000,0x000000001ecd0000)]
  0x00000000199d0000 JavaThread "Cache worker for journal cache (C:\Users\Admin\.gradle\caches\journal-1)" [_thread_blocked, id=2940, stack(0x000000001b3b0000,0x000000001b4b0000)]
  0x00000000199d3000 JavaThread "File lock request listener" [_thread_in_native, id=10644, stack(0x000000001b2b0000,0x000000001b3b0000)]
  0x00000000199d5000 JavaThread "Cache worker for file hash cache (C:\Users\Admin\.gradle\caches\5.4.1\fileHashes)" [_thread_blocked, id=12732, stack(0x000000001b1b0000,0x000000001b2b0000)]
  0x0000000018366000 JavaThread "Thread-9" [_thread_blocked, id=12276, stack(0x000000001afb0000,0x000000001b0b0000)]
  0x000000001835a800 JavaThread "Stdin handler" [_thread_blocked, id=16536, stack(0x000000001aeb0000,0x000000001afb0000)]
  0x0000000018359800 JavaThread "Asynchronous log dispatcher for DefaultDaemonConnection: socket connection from /127.0.0.1:62662 to /127.0.0.1:62663" [_thread_blocked, id=17172, stack(0x000000001adb0000,0x000000001aeb0000)]
  0x000000001834f800 JavaThread "Daemon worker" [_thread_blocked, id=16484, stack(0x000000001acb0000,0x000000001adb0000)]
  0x00000000186e4000 JavaThread "Cancel handler" [_thread_blocked, id=16716, stack(0x000000001abb0000,0x000000001acb0000)]
  0x0000000018697000 JavaThread "Handler for socket connection from /127.0.0.1:62662 to /127.0.0.1:62663" [_thread_in_native, id=1852, stack(0x000000001a8b0000,0x000000001a9b0000)]
  0x0000000018693800 JavaThread "Daemon" [_thread_blocked, id=6408, stack(0x000000001a7b0000,0x000000001a8b0000)]
  0x000000001838a000 JavaThread "Daemon periodic checks" [_thread_blocked, id=13344, stack(0x000000001a6b0000,0x000000001a7b0000)]
  0x00000000188cc800 JavaThread "Incoming local TCP Connector on port 62662" [_thread_in_native, id=1468, stack(0x000000001a470000,0x000000001a570000)]
  0x0000000019324000 JavaThread "Daemon health stats" [_thread_blocked, id=8736, stack(0x0000000019e30000,0x0000000019f30000)]
  0x00000000180ca800 JavaThread "Service Thread" daemon [_thread_blocked, id=13612, stack(0x0000000018460000,0x0000000018560000)]
  0x00000000160d6800 JavaThread "C1 CompilerThread2" daemon [_thread_blocked, id=13872, stack(0x0000000017f60000,0x0000000018060000)]
  0x00000000160d3000 JavaThread "C2 CompilerThread1" daemon [_thread_in_native, id=14052, stack(0x0000000017e60000,0x0000000017f60000)]
=>0x00000000160d0000 JavaThread "C2 CompilerThread0" daemon [_thread_in_native, id=8860, stack(0x0000000017d60000,0x0000000017e60000)]
  0x00000000160cd000 JavaThread "Attach Listener" daemon [_thread_blocked, id=9352, stack(0x0000000017c60000,0x0000000017d60000)]
  0x00000000160d9800 JavaThread "Signal Dispatcher" daemon [_thread_blocked, id=13032, stack(0x0000000017b60000,0x0000000017c60000)]
  0x000000000251d800 JavaThread "Finalizer" daemon [_thread_blocked, id=16156, stack(0x0000000017970000,0x0000000017a70000)]
  0x0000000002517800 JavaThread "Reference Handler" daemon [_thread_blocked, id=7644, stack(0x0000000017870000,0x0000000017970000)]
  0x00000000022be800 JavaThread "main" [_thread_blocked, id=12572, stack(0x0000000002320000,0x0000000002420000)]

Other Threads:
  0x0000000016097000 VMThread [stack: 0x0000000017770000,0x0000000017870000] [id=4012]
  0x00000000180cb800 WatcherThread [stack: 0x0000000018560000,0x0000000018660000] [id=8804]

VM state:not at safepoint (normal execution)

VM Mutex/Monitor currently owned by a thread: None

heap address: 0x00000000a0000000, size: 1536 MB, Compressed Oops mode: 32-bit
Narrow klass base: 0x0000000000000000, Narrow klass shift: 3
Compressed class space size: 1073741824 Address: 0x0000000100000000

Heap:
 PSYoungGen      total 409600K, used 335558K [0x00000000e0000000, 0x00000000ff100000, 0x0000000100000000)
  eden space 376832K, 86% used [0x00000000e0000000,0x00000000f3d11af0,0x00000000f7000000)
  from space 32768K, 33% used [0x00000000f7000000,0x00000000f7aa0010,0x00000000f9000000)
  to   space 31232K, 0% used [0x00000000fd280000,0x00000000fd280000,0x00000000ff100000)
 ParOldGen       total 144384K, used 86602K [0x00000000a0000000, 0x00000000a8d00000, 0x00000000e0000000)
  object space 144384K, 59% used [0x00000000a0000000,0x00000000a5492af8,0x00000000a8d00000)
 Metaspace       used 68956K, capacity 71488K, committed 71640K, reserved 1112064K
  class space    used 9298K, capacity 9857K, committed 9984K, reserved 1048576K

Card table byte_map: [0x00000000118e0000,0x0000000011bf0000] byte_map_base: 0x00000000113e0000

Marking Bits: (ParMarkBitMap*) 0x00000000735c9f30
 Begin Bits: [0x00000000123f0000, 0x0000000013bf0000)
 End Bits:   [0x0000000013bf0000, 0x00000000153f0000)

Polling page: 0x00000000001f0000

CodeCache: size=245760Kb used=31472Kb max_used=31496Kb free=214287Kb
 bounds [0x0000000002520000, 0x0000000004410000, 0x0000000011520000]
 total_blobs=10388 nmethods=9578 adapters=721
 compilation: enabled

Compilation events (10 events):
Event: 17.551 Thread 0x00000000160d6800 10715       2       com.android.tools.r8.ir.code.g::add (16 bytes)
Event: 17.552 Thread 0x00000000160d6800 nmethod 10715 0x00000000043c6110 code [0x00000000043c6280, 0x00000000043c6428]
Event: 17.567 Thread 0x00000000160d6800 10716       2       com.android.tools.r8.ir.code.Instruction::f0 (30 bytes)
Event: 17.567 Thread 0x00000000160d6800 nmethod 10716 0x00000000043c5dd0 code [0x00000000043c5f20, 0x00000000043c6090]
Event: 17.580 Thread 0x00000000160d3000 nmethod 10612% 0x00000000043e9890 code [0x00000000043e9ee0, 0x00000000043ef318]
Event: 17.580 Thread 0x00000000160d3000 10561 %     4       com.android.tools.r8.ir.optimize.PeepholeOptimizer::optimize @ 13 (388 bytes)
Event: 17.700 Thread 0x00000000160d3000 nmethod 10561% 0x00000000043f8ad0 code [0x00000000043f9080, 0x00000000043fcdb8]
Event: 17.700 Thread 0x00000000160d3000 10694 %     4       com.android.tools.r8.ir.conversion.N::b @ 161 (4236 bytes)
Event: 17.740 Thread 0x00000000160d6800 10719       2       com.android.tools.r8.ir.code.f::replaceCurrentInstruction (170 bytes)
Event: 17.741 Thread 0x00000000160d6800 nmethod 10719 0x00000000043c5190 code [0x00000000043c53a0, 0x00000000043c58d8]

GC Heap History (10 events):
Event: 12.487 GC heap before
{Heap before GC invocations=16 (full 3):
 PSYoungGen      total 257024K, used 239573K [0x00000000e0000000, 0x00000000f1400000, 0x0000000100000000)
  eden space 230912K, 100% used [0x00000000e0000000,0x00000000ee180000,0x00000000ee180000)
  from space 26112K, 33% used [0x00000000efa80000,0x00000000f02f55f0,0x00000000f1400000)
  to   space 25600K, 0% used [0x00000000ee180000,0x00000000ee180000,0x00000000efa80000)
 ParOldGen       total 144384K, used 61097K [0x00000000a0000000, 0x00000000a8d00000, 0x00000000e0000000)
  object space 144384K, 42% used [0x00000000a0000000,0x00000000a3baa450,0x00000000a8d00000)
 Metaspace       used 67590K, capacity 69802K, committed 70104K, reserved 1110016K
  class space    used 9136K, capacity 9648K, committed 9728K, reserved 1048576K
Event: 12.533 GC heap after
Heap after GC invocations=16 (full 3):
 PSYoungGen      total 256512K, used 19832K [0x00000000e0000000, 0x00000000f5280000, 0x0000000100000000)
  eden space 230912K, 0% used [0x00000000e0000000,0x00000000e0000000,0x00000000ee180000)
  from space 25600K, 77% used [0x00000000ee180000,0x00000000ef4de110,0x00000000efa80000)
  to   space 27136K, 0% used [0x00000000f3800000,0x00000000f3800000,0x00000000f5280000)
 ParOldGen       total 144384K, used 61105K [0x00000000a0000000, 0x00000000a8d00000, 0x00000000e0000000)
  object space 144384K, 42% used [0x00000000a0000000,0x00000000a3bac450,0x00000000a8d00000)
 Metaspace       used 67590K, capacity 69802K, committed 70104K, reserved 1110016K
  class space    used 9136K, capacity 9648K, committed 9728K, reserved 1048576K
}
Event: 13.075 GC heap before
{Heap before GC invocations=17 (full 3):
 PSYoungGen      total 256512K, used 250744K [0x00000000e0000000, 0x00000000f5280000, 0x0000000100000000)
  eden space 230912K, 100% used [0x00000000e0000000,0x00000000ee180000,0x00000000ee180000)
  from space 25600K, 77% used [0x00000000ee180000,0x00000000ef4de110,0x00000000efa80000)
  to   space 27136K, 0% used [0x00000000f3800000,0x00000000f3800000,0x00000000f5280000)
 ParOldGen       total 144384K, used 61105K [0x00000000a0000000, 0x00000000a8d00000, 0x00000000e0000000)
  object space 144384K, 42% used [0x00000000a0000000,0x00000000a3bac450,0x00000000a8d00000)
 Metaspace       used 67667K, capacity 69910K, committed 70104K, reserved 1110016K
  class space    used 9138K, capacity 9680K, committed 9728K, reserved 1048576K
Event: 13.111 GC heap after
Heap after GC invocations=17 (full 3):
 PSYoungGen      total 315904K, used 26766K [0x00000000e0000000, 0x00000000f6180000, 0x0000000100000000)
  eden space 288768K, 0% used [0x00000000e0000000,0x00000000e0000000,0x00000000f1a00000)
  from space 27136K, 98% used [0x00000000f3800000,0x00000000f5223818,0x00000000f5280000)
  to   space 30720K, 0% used [0x00000000f1a00000,0x00000000f1a00000,0x00000000f3800000)
 ParOldGen       total 144384K, used 61113K [0x00000000a0000000, 0x00000000a8d00000, 0x00000000e0000000)
  object space 144384K, 42% used [0x00000000a0000000,0x00000000a3bae450,0x00000000a8d00000)
 Metaspace       used 67667K, capacity 69910K, committed 70104K, reserved 1110016K
  class space    used 9138K, capacity 9680K, committed 9728K, reserved 1048576K
}
Event: 14.114 GC heap before
{Heap before GC invocations=18 (full 3):
 PSYoungGen      total 315904K, used 315534K [0x00000000e0000000, 0x00000000f6180000, 0x0000000100000000)
  eden space 288768K, 100% used [0x00000000e0000000,0x00000000f1a00000,0x00000000f1a00000)
  from space 27136K, 98% used [0x00000000f3800000,0x00000000f5223818,0x00000000f5280000)
  to   space 30720K, 0% used [0x00000000f1a00000,0x00000000f1a00000,0x00000000f3800000)
 ParOldGen       total 144384K, used 61113K [0x00000000a0000000, 0x00000000a8d00000, 0x00000000e0000000)
  object space 144384K, 42% used [0x00000000a0000000,0x00000000a3bae450,0x00000000a8d00000)
 Metaspace       used 68885K, capacity 71424K, committed 71640K, reserved 1112064K
  class space    used 9298K, capacity 9857K, committed 9984K, reserved 1048576K
Event: 14.194 GC heap after
Heap after GC invocations=18 (full 3):
 PSYoungGen      total 319488K, used 23782K [0x00000000e0000000, 0x00000000fb780000, 0x0000000100000000)
  eden space 288768K, 0% used [0x00000000e0000000,0x00000000e0000000,0x00000000f1a00000)
  from space 30720K, 77% used [0x00000000f1a00000,0x00000000f3139b88,0x00000000f3800000)
  to   space 32768K, 0% used [0x00000000f9780000,0x00000000f9780000,0x00000000fb780000)
 ParOldGen       total 144384K, used 64478K [0x00000000a0000000, 0x00000000a8d00000, 0x00000000e0000000)
  object space 144384K, 44% used [0x00000000a0000000,0x00000000a3ef7be0,0x00000000a8d00000)
 Metaspace       used 68885K, capacity 71424K, committed 71640K, reserved 1112064K
  class space    used 9298K, capacity 9857K, committed 9984K, reserved 1048576K
}
Event: 15.421 GC heap before
{Heap before GC invocations=19 (full 3):
 PSYoungGen      total 319488K, used 312550K [0x00000000e0000000, 0x00000000fb780000, 0x0000000100000000)
  eden space 288768K, 100% used [0x00000000e0000000,0x00000000f1a00000,0x00000000f1a00000)
  from space 30720K, 77% used [0x00000000f1a00000,0x00000000f3139b88,0x00000000f3800000)
  to   space 32768K, 0% used [0x00000000f9780000,0x00000000f9780000,0x00000000fb780000)
 ParOldGen       total 144384K, used 64478K [0x00000000a0000000, 0x00000000a8d00000, 0x00000000e0000000)
  object space 144384K, 44% used [0x00000000a0000000,0x00000000a3ef7be0,0x00000000a8d00000)
 Metaspace       used 68916K, capacity 71488K, committed 71640K, reserved 1112064K
  class space    used 9298K, capacity 9857K, committed 9984K, reserved 1048576K
Event: 15.443 GC heap after
Heap after GC invocations=19 (full 3):
 PSYoungGen      total 401920K, used 5216K [0x00000000e0000000, 0x00000000fb000000, 0x0000000100000000)
  eden space 376832K, 0% used [0x00000000e0000000,0x00000000e0000000,0x00000000f7000000)
  from space 25088K, 20% used [0x00000000f9780000,0x00000000f9c98010,0x00000000fb000000)
  to   space 32768K, 0% used [0x00000000f7000000,0x00000000f7000000,0x00000000f9000000)
 ParOldGen       total 144384K, used 83586K [0x00000000a0000000, 0x00000000a8d00000, 0x00000000e0000000)
  object space 144384K, 57% used [0x00000000a0000000,0x00000000a51a0ae8,0x00000000a8d00000)
 Metaspace       used 68916K, capacity 71488K, committed 71640K, reserved 1112064K
  class space    used 9298K, capacity 9857K, committed 9984K, reserved 1048576K
}
Event: 16.611 GC heap before
{Heap before GC invocations=20 (full 3):
 PSYoungGen      total 401920K, used 382048K [0x00000000e0000000, 0x00000000fb000000, 0x0000000100000000)
  eden space 376832K, 100% used [0x00000000e0000000,0x00000000f7000000,0x00000000f7000000)
  from space 25088K, 20% used [0x00000000f9780000,0x00000000f9c98010,0x00000000fb000000)
  to   space 32768K, 0% used [0x00000000f7000000,0x00000000f7000000,0x00000000f9000000)
 ParOldGen       total 144384K, used 83586K [0x00000000a0000000, 0x00000000a8d00000, 0x00000000e0000000)
  object space 144384K, 57% used [0x00000000a0000000,0x00000000a51a0ae8,0x00000000a8d00000)
 Metaspace       used 68940K, capacity 71488K, committed 71640K, reserved 1112064K
  class space    used 9298K, capacity 9857K, committed 9984K, reserved 1048576K
Event: 16.627 GC heap after
Heap after GC invocations=20 (full 3):
 PSYoungGen      total 409600K, used 10880K [0x00000000e0000000, 0x00000000ff100000, 0x0000000100000000)
  eden space 376832K, 0% used [0x00000000e0000000,0x00000000e0000000,0x00000000f7000000)
  from space 32768K, 33% used [0x00000000f7000000,0x00000000f7aa0010,0x00000000f9000000)
  to   space 31232K, 0% used [0x00000000fd280000,0x00000000fd280000,0x00000000ff100000)
 ParOldGen       total 144384K, used 86602K [0x00000000a0000000, 0x00000000a8d00000, 0x00000000e0000000)
  object space 144384K, 59% used [0x00000000a0000000,0x00000000a5492af8,0x00000000a8d00000)
 Metaspace       used 68940K, capacity 71488K, committed 71640K, reserved 1112064K
  class space    used 9298K, capacity 9857K, committed 9984K, reserved 1048576K
}

Deoptimization events (10 events):
Event: 13.730 Thread 0x0000000019c04000 Uncommon trap: reason=unstable_if action=reinterpret pc=0x0000000003886a40 method=com.android.tools.r8.t.a.a.f.a(II[C)Ljava/lang/String; @ 32
Event: 13.730 Thread 0x0000000019c04000 Uncommon trap: reason=unstable_if action=reinterpret pc=0x000000000383ff20 method=com.android.tools.r8.t.a.a.f.a(II[C)Ljava/lang/String; @ 32
Event: 13.731 Thread 0x0000000019c04000 Uncommon trap: reason=unstable_if action=reinterpret pc=0x00000000038430bc method=com.android.tools.r8.graph.DexString.<init>(Ljava/lang/String;)V @ 39
Event: 13.732 Thread 0x0000000019c04000 Uncommon trap: reason=unstable_if action=reinterpret pc=0x000000000386c8c4 method=com.android.tools.r8.graph.DexString.k()Ljava/lang/String; @ 56
Event: 13.800 Thread 0x0000000019c03000 Uncommon trap: reason=unstable_if action=reinterpret pc=0x00000000036ea598 method=sun.nio.fs.WindowsPathParser.isLetter(C)Z @ 3
Event: 13.822 Thread 0x0000000019c03000 Uncommon trap: reason=unstable_if action=reinterpret pc=0x0000000003583628 method=com.google.common.collect.MapMakerInternalMap$Segment.getEntry(Ljava/lang/Object;I)Lcom/google/common/collect/MapMakerInternalMap$InternalEntry; @ 40
Event: 13.979 Thread 0x0000000019c04000 Uncommon trap: reason=bimorphic action=maybe_recompile pc=0x00000000037e3714 method=java.util.HashMap.removeNode(ILjava/lang/Object;Ljava/lang/Object;ZZ)Ljava/util/HashMap$Node; @ 143
Event: 14.301 Thread 0x0000000019c04000 Uncommon trap: reason=bimorphic action=maybe_recompile pc=0x00000000037e3714 method=java.util.HashMap.removeNode(ILjava/lang/Object;Ljava/lang/Object;ZZ)Ljava/util/HashMap$Node; @ 143
Event: 14.563 Thread 0x0000000019c04000 Uncommon trap: reason=unstable_if action=reinterpret pc=0x00000000042a0470 method=com.android.tools.r8.ir.conversion.N.b(Lcom/android/tools/r8/t/a/a/G/a;)Z @ 39
Event: 14.707 Thread 0x0000000019c04000 Uncommon trap: reason=bimorphic action=maybe_recompile pc=0x00000000037e3714 method=java.util.HashMap.removeNode(ILjava/lang/Object;Ljava/lang/Object;ZZ)Ljava/util/HashMap$Node; @ 143

Classes redefined (0 events):
No events

Internal exceptions (10 events):
Event: 9.337 Thread 0x0000000019c05800 Exception <a 'java/lang/NoSuchMethodError': <clinit>> (0x00000000e446dde0) thrown at [D:\src\AOSP-openjdk-cygwin\jdk8u\hotspot\src\share\vm\prims\jni.cpp, line 1614]
Event: 9.745 Thread 0x0000000019c03000 Exception <a 'java/lang/NoSuchMethodError': java.lang.Object.lambda$static$0(Ljava/lang/String;)Z> (0x00000000e7d25318) thrown at [D:\src\AOSP-openjdk-cygwin\jdk8u\hotspot\src\share\vm\interpreter\linkResolver.cpp, line 620]
Event: 9.746 Thread 0x0000000019c03000 Exception <a 'java/lang/NoSuchMethodError': java.lang.Object.lambda$and$0(Ljava/util/function/Predicate;Ljava/lang/Object;)Z> (0x00000000e7d2b488) thrown at [D:\src\AOSP-openjdk-cygwin\jdk8u\hotspot\src\share\vm\interpreter\linkResolver.cpp, line 620]
Event: 9.887 Thread 0x0000000019c03000 Exception <a 'sun/nio/fs/WindowsException'> (0x00000000e967c488) thrown at [D:\src\AOSP-openjdk-cygwin\jdk8u\hotspot\src\share\vm\prims\jni.cpp, line 710]
Event: 10.034 Thread 0x0000000019c03000 Exception <a 'java/lang/NoSuchMethodError': java.lang.Object.lambda$identity$2(Ljava/lang/Object;)Ljava/lang/Object;> (0x00000000e9ddcdc0) thrown at [D:\src\AOSP-openjdk-cygwin\jdk8u\hotspot\src\share\vm\interpreter\linkResolver.cpp, line 620]
Event: 10.643 Thread 0x0000000019c03000 Exception <a 'java/lang/NoSuchMethodError': java.lang.Object.lambda$maxBy$1(Ljava/util/Comparator;Ljava/lang/Object;Ljava/lang/Object;)Ljava/lang/Object;> (0x00000000e08c8678) thrown at [D:\src\AOSP-openjdk-cygwin\jdk8u\hotspot\src\share\vm\interpreter\li
Event: 10.733 Thread 0x0000000019c03000 Implicit null exception at 0x0000000002edc5af to 0x0000000002edc64d
Event: 12.301 Thread 0x0000000019c04000 Exception <a 'sun/nio/fs/WindowsException'> (0x00000000e894ee88) thrown at [D:\src\AOSP-openjdk-cygwin\jdk8u\hotspot\src\share\vm\prims\jni.cpp, line 710]
Event: 13.800 Thread 0x0000000019c03000 Exception <a 'sun/nio/fs/WindowsException'> (0x00000000ec488e30) thrown at [D:\src\AOSP-openjdk-cygwin\jdk8u\hotspot\src\share\vm\prims\jni.cpp, line 710]
Event: 13.822 Thread 0x0000000019c03000 Implicit null exception at 0x0000000003581982 to 0x00000000035835fd

Events (10 events):
Event: 17.665 Thread 0x0000000019c04000 DEOPT PACKING pc=0x0000000003b01a27 sp=0x0000000023ada930
Event: 17.665 Thread 0x0000000019c04000 DEOPT UNPACKING pc=0x00000000025675d0 sp=0x0000000023ada650 mode 0
Event: 17.687 Thread 0x0000000019c04000 DEOPT PACKING pc=0x0000000003a17fa6 sp=0x0000000023adae70
Event: 17.687 Thread 0x0000000019c04000 DEOPT UNPACKING pc=0x00000000025675d0 sp=0x0000000023adac60 mode 0
Event: 17.766 Thread 0x0000000019c04000 DEOPT PACKING pc=0x0000000003d9b075 sp=0x0000000023ada940
Event: 17.766 Thread 0x0000000019c04000 DEOPT UNPACKING pc=0x00000000025675d0 sp=0x0000000023ada9a8 mode 0
Event: 17.808 Thread 0x0000000019c04000 DEOPT PACKING pc=0x0000000003d9b075 sp=0x0000000023ada940
Event: 17.808 Thread 0x0000000019c04000 DEOPT UNPACKING pc=0x00000000025675d0 sp=0x0000000023ada9a8 mode 0
Event: 17.821 Thread 0x0000000019c04000 DEOPT PACKING pc=0x0000000003a17eac sp=0x0000000023adae70
Event: 17.821 Thread 0x0000000019c04000 DEOPT UNPACKING pc=0x00000000025675d0 sp=0x0000000023adac58 mode 0


Dynamic libraries:
0x00007ff742d00000 - 0x00007ff742d31000 	C:\Program Files\Android\Android Studio\jre\bin\java.exe
0x00007fffc5040000 - 0x00007fffc5221000 	C:\Windows\SYSTEM32\ntdll.dll
0x00007fffc2710000 - 0x00007fffc27c1000 	C:\Windows\System32\KERNEL32.DLL
0x00007fffc1830000 - 0x00007fffc1aa3000 	C:\Windows\System32\KERNELBASE.dll
0x00007fffc2c90000 - 0x00007fffc2d31000 	C:\Windows\System32\ADVAPI32.dll
0x00007fffc3370000 - 0x00007fffc340e000 	C:\Windows\System32\msvcrt.dll
0x00007fffc24b0000 - 0x00007fffc250b000 	C:\Windows\System32\sechost.dll
0x00007fffc3410000 - 0x00007fffc3534000 	C:\Windows\System32\RPCRT4.dll
0x00007fffc2570000 - 0x00007fffc2701000 	C:\Windows\System32\USER32.dll
0x00007fffc1810000 - 0x00007fffc1830000 	C:\Windows\System32\win32u.dll
0x00007fffc3870000 - 0x00007fffc3898000 	C:\Windows\System32\GDI32.dll
0x00007fffc1670000 - 0x00007fffc1801000 	C:\Windows\System32\gdi32full.dll
0x00007fffc2410000 - 0x00007fffc24af000 	C:\Windows\System32\msvcp_win.dll
0x00007fffc14c0000 - 0x00007fffc15b8000 	C:\Windows\System32\ucrtbase.dll
0x00007fffb54e0000 - 0x00007fffb5749000 	C:\Windows\WinSxS\amd64_microsoft.windows.common-controls_6595b64144ccf1df_6.0.17134.1184_none_d403e8b37c8ca406\COMCTL32.dll
0x00007fffc3540000 - 0x00007fffc3861000 	C:\Windows\System32\combase.dll
0x00007fffc13f0000 - 0x00007fffc1469000 	C:\Windows\System32\bcryptPrimitives.dll
0x00007fffc4f30000 - 0x00007fffc4f5d000 	C:\Windows\System32\IMM32.DLL
0x0000000072d20000 - 0x0000000072df2000 	C:\Program Files\Android\Android Studio\jre\jre\bin\msvcr100.dll
0x0000000072e00000 - 0x0000000073646000 	C:\Program Files\Android\Android Studio\jre\jre\bin\server\jvm.dll
0x00007fffc2b20000 - 0x00007fffc2b28000 	C:\Windows\System32\PSAPI.DLL
0x00007fffb1400000 - 0x00007fffb1409000 	C:\Windows\SYSTEM32\WSOCK32.dll
0x00007fffc2dc0000 - 0x00007fffc2e2c000 	C:\Windows\System32\WS2_32.dll
0x00007fffbdbd0000 - 0x00007fffbdbf3000 	C:\Windows\SYSTEM32\WINMM.dll
0x00007fffbb750000 - 0x00007fffbb75a000 	C:\Windows\SYSTEM32\VERSION.dll
0x00007fffbd770000 - 0x00007fffbd79a000 	C:\Windows\SYSTEM32\WINMMBASE.dll
0x00007fffc1470000 - 0x00007fffc14b9000 	C:\Windows\System32\cfgmgr32.dll
0x00007fffbd560000 - 0x00007fffbd56f000 	C:\Program Files\Android\Android Studio\jre\jre\bin\verify.dll
0x00007fffbd420000 - 0x00007fffbd449000 	C:\Program Files\Android\Android Studio\jre\jre\bin\java.dll
0x00007fffbcff0000 - 0x00007fffbd006000 	C:\Program Files\Android\Android Studio\jre\jre\bin\zip.dll
0x00007fffc3ae0000 - 0x00007fffc4f25000 	C:\Windows\System32\SHELL32.dll
0x00007fffc38a0000 - 0x00007fffc3949000 	C:\Windows\System32\shcore.dll
0x00007fffc1d00000 - 0x00007fffc2410000 	C:\Windows\System32\windows.storage.dll
0x00007fffc2ac0000 - 0x00007fffc2b11000 	C:\Windows\System32\shlwapi.dll
0x00007fffc13d0000 - 0x00007fffc13e1000 	C:\Windows\System32\kernel.appcore.dll
0x00007fffc13b0000 - 0x00007fffc13cf000 	C:\Windows\System32\profapi.dll
0x00007fffc1360000 - 0x00007fffc13ac000 	C:\Windows\System32\powrprof.dll
0x00007fffc1350000 - 0x00007fffc135a000 	C:\Windows\System32\FLTLIB.DLL
0x00007fffbcc70000 - 0x00007fffbcc8a000 	C:\Program Files\Android\Android Studio\jre\jre\bin\net.dll
0x00007fffb5190000 - 0x00007fffb535a000 	C:\Windows\SYSTEM32\urlmon.dll
0x00007fffb28e0000 - 0x00007fffb2b87000 	C:\Windows\SYSTEM32\iertutil.dll
0x00007fffc0d20000 - 0x00007fffc0d2b000 	C:\Windows\SYSTEM32\CRYPTBASE.DLL
0x00007fffc0b50000 - 0x00007fffc0bb6000 	C:\Windows\system32\mswsock.dll
0x00007fffb9130000 - 0x00007fffb9143000 	C:\Program Files\Android\Android Studio\jre\jre\bin\nio.dll
0x00007fff9b1c0000 - 0x00007fff9b1e6000 	C:\Users\Admin\.gradle\native\29\windows-amd64\native-platform.dll
0x00007fffbd4c0000 - 0x00007fffbd4cd000 	C:\Program Files\Android\Android Studio\jre\jre\bin\management.dll
0x00007fffc0d00000 - 0x00007fffc0d17000 	C:\Windows\SYSTEM32\CRYPTSP.dll
0x00007fffc0700000 - 0x00007fffc0733000 	C:\Windows\system32\rsaenh.dll
0x00007fffc0e30000 - 0x00007fffc0e55000 	C:\Windows\SYSTEM32\bcrypt.dll
0x00007fffc1230000 - 0x00007fffc1258000 	C:\Windows\SYSTEM32\USERENV.dll
0x00007fffc08a0000 - 0x00007fffc08d8000 	C:\Windows\SYSTEM32\IPHLPAPI.DLL
0x00007fffc3ad0000 - 0x00007fffc3ad8000 	C:\Windows\System32\NSI.dll
0x00007fffbb830000 - 0x00007fffbb846000 	C:\Windows\SYSTEM32\dhcpcsvc6.DLL
0x00007fffbb7e0000 - 0x00007fffbb7fa000 	C:\Windows\SYSTEM32\dhcpcsvc.DLL

VM Arguments:
jvm_args: -Xmx1536m -Dfile.encoding=windows-1252 -Duser.country=US -Duser.language=en -Duser.variant 
java_command: org.gradle.launcher.daemon.bootstrap.GradleDaemon 5.4.1
java_class_path (initial): C:\Users\Admin\.gradle\wrapper\dists\gradle-5.4.1-all\3221gyojl5jsh0helicew7rwx\gradle-5.4.1\lib\gradle-launcher-5.4.1.jar
Launcher Type: SUN_STANDARD

Environment Variables:
PATH=C:\Windows\system32;C:\Program Files\Java\jdk-11.0.2\bin;C:\Windows\System32\Wbem;C:\Windows\System32\WindowsPowerShell\v1.0\;C:\Windows\System32\OpenSSH\;C:\Program Files (x86)\NVIDIA Corporation\PhysX\Common;C:\Users\Admin\.dnx\bin;C:\Program Files\Microsoft DNX\Dnvm\;C:\Program Files\Microsoft SQL Server\130\Tools\Binn\;C:\Program Files\NVIDIA Corporation\NVIDIA NvDLISR;C:\Program Files\Microsoft SQL Server\120\DTS\Binn\;C:\Program Files\Microsoft SQL Server\Client SDK\ODBC\110\Tools\Binn\;C:\Program Files (x86)\Microsoft SQL Server\120\Tools\Binn\;C:\Program Files\Microsoft SQL Server\120\Tools\Binn\;C:\Program Files (x86)\Microsoft SQL Server\120\Tools\Binn\ManagementStudio\;C:\Program Files (x86)\Microsoft SQL Server\120\DTS\Binn\;C:\Program Files (x86)\Microchip\xc16\v1.36\bin;C:\Program Files (x86)\Microchip\xc8\v2.05\bin;C:\PROGRA~2\PICC;D:\Git\Git\cmd
USERNAME=Admin
OS=Windows_NT
PROCESSOR_IDENTIFIER=Intel64 Family 6 Model 158 Stepping 10, GenuineIntel



---------------  S Y S T E M  ---------------

OS: Windows 10.0 , 64 bit Build 17134 (10.0.17134.753)

CPU:total 6 (initial active 6) (6 cores per cpu, 1 threads per core) family 6 model 158 stepping 10, cmov, cx8, fxsr, mmx, sse, sse2, sse3, ssse3, sse4.1, sse4.2, popcnt, avx, avx2, aes, clmul, erms, 3dnowpref, lzcnt, tsc, tscinvbit, bmi1, bmi2, adx

Memory: 4k page, physical 8303912k(492152k free), swap 16495912k(6260k free)

vm_info: OpenJDK 64-Bit Server VM (25.212-b04) for windows-amd64 JRE (1.8.0_212-release-1586-b04), built by "builder" with MS VC++ 10.0 (VS2010)

time: Tue May 05 20:37:39 2020
timezone: SE Asia Standard Time
elapsed time: 17 seconds (0d 0h 0m 17s)

