#
# There is insufficient memory for the Java Runtime Environment to continue.
# Native memory allocation (malloc) failed to allocate 1064976 bytes for Chunk::new
# Possible reasons:
#   The system is out of physical RAM or swap space
#   The process is running with CompressedOops enabled, and the Java Heap may be blocking the growth of the native heap
# Possible solutions:
#   Reduce memory load on the system
#   Increase physical memory or swap space
#   Check if swap backing store is full
#   Decrease Java heap size (-Xmx/-Xms)
#   Decrease number of Java threads
#   Decrease Java thread stack sizes (-Xss)
#   Set larger code cache with -XX:ReservedCodeCacheSize=
#   JVM is running with Unscaled Compressed Oops mode in which the Java heap is
#     placed in the first 4GB address space. The Java Heap base address is the
#     maximum limit for the native heap growth. Please use -XX:HeapBaseMinAddress
#     to set the Java Heap base and to place the Java Heap above 4GB virtual address.
# This output file may be truncated or incomplete.
#
#  Out of Memory Error (allocation.cpp:389), pid=16756, tid=0x00000000000039e8
#
# JRE version: OpenJDK Runtime Environment (8.0_212-b04) (build 1.8.0_212-release-1586-b04)
# Java VM: OpenJDK 64-Bit Server VM (25.212-b04 mixed mode windows-amd64 compressed oops)
# Failed to write core dump. Minidumps are not enabled by default on client versions of Windows
#

---------------  T H R E A D  ---------------

Current thread (0x0000000016ea2000):  JavaThread "C2 CompilerThread1" daemon [_thread_in_native, id=14824, stack(0x0000000018b10000,0x0000000018c10000)]

Stack: [0x0000000018b10000,0x0000000018c10000]
[error occurred during error reporting (printing stack bounds), id 0xc0000005]

Native frames: (J=compiled Java code, j=interpreted, Vv=VM code, C=native code)


Current CompileTask:
C2:1723782 21344 %     4       com.android.tools.r8.ir.regalloc.LinearScanRegisterAllocator::a @ 692 (1738 bytes)


---------------  P R O C E S S  ---------------

Java Threads: ( => current thread )
  0x000000001e32a800 JavaThread "WorkerExecutor Queue Thread 10" [_thread_blocked, id=5900, stack(0x0000000031a70000,0x0000000031b70000)]
  0x000000001f182000 JavaThread "WorkerExecutor Queue Thread 9" [_thread_in_Java, id=13468, stack(0x0000000031970000,0x0000000031a70000)]
  0x000000001f176000 JavaThread "WorkerExecutor Queue Thread 8" [_thread_blocked, id=15272, stack(0x00000000308a0000,0x00000000309a0000)]
  0x000000001f17c000 JavaThread "WorkerExecutor Queue Thread 7" [_thread_blocked, id=10204, stack(0x00000000307a0000,0x00000000308a0000)]
  0x000000001f181000 JavaThread "Cache worker for Java compile cache (D:\Desktop\Android Projects\Architectures-Example\.gradle\5.4.1\javaCompile)" [_thread_blocked, id=12672, stack(0x000000002b790000,0x000000002b890000)]
  0x000000001f183800 JavaThread "Cache worker for Java compile cache (C:\Users\Admin\.gradle\caches\5.4.1\javaCompile)" [_thread_blocked, id=15060, stack(0x000000002b690000,0x000000002b790000)]
  0x000000001f17f800 JavaThread "stdout" [_thread_in_native, id=8644, stack(0x000000002b590000,0x000000002b690000)]
  0x000000001f17e000 JavaThread "stderr" [_thread_in_native, id=1828, stack(0x000000002b490000,0x000000002b590000)]
  0x000000001f17d800 JavaThread "stdout" [_thread_in_native, id=600, stack(0x000000002b390000,0x000000002b490000)]
  0x000000001f17f000 JavaThread "stderr" [_thread_in_native, id=13068, stack(0x000000002b290000,0x000000002b390000)]
  0x000000001f175000 JavaThread "stdout" [_thread_in_native, id=12896, stack(0x000000002b190000,0x000000002b290000)]
  0x000000001f17b000 JavaThread "stderr" [_thread_in_native, id=15520, stack(0x000000002b090000,0x000000002b190000)]
  0x000000001f17a800 JavaThread "stdout" [_thread_in_native, id=2624, stack(0x000000002af90000,0x000000002b090000)]
  0x000000001f179000 JavaThread "stderr" [_thread_in_native, id=7552, stack(0x000000002ae90000,0x000000002af90000)]
  0x000000001f178000 JavaThread "stdout" [_thread_in_native, id=14976, stack(0x000000002ad90000,0x000000002ae90000)]
  0x000000001f177800 JavaThread "stderr" [_thread_in_native, id=10232, stack(0x000000002ac90000,0x000000002ad90000)]
  0x000000001f176800 JavaThread "pool-6-thread-1" [_thread_blocked, id=1708, stack(0x000000002ab90000,0x000000002ac90000)]
  0x000000001a60d800 JavaThread "WorkerExecutor Queue Thread 2" [_thread_in_vm, id=12188, stack(0x000000002a690000,0x000000002a790000)]
  0x000000001e333000 JavaThread "Cache worker for execution history cache (D:\Desktop\Android Projects\Architectures-Example\.gradle\5.4.1\executionHistory)" [_thread_blocked, id=10348, stack(0x000000002a490000,0x000000002a590000)]
  0x000000001e32b800 JavaThread "Execution worker for ':' Thread 5" [_thread_blocked, id=9756, stack(0x00000000293c0000,0x00000000294c0000)]
  0x000000001e329000 JavaThread "Execution worker for ':' Thread 4" [_thread_in_Java, id=15276, stack(0x00000000292c0000,0x00000000293c0000)]
  0x000000001e32a000 JavaThread "Execution worker for ':' Thread 3" [_thread_in_Java, id=17244, stack(0x00000000291c0000,0x00000000292c0000)]
  0x000000001e327800 JavaThread "Execution worker for ':' Thread 2" [_thread_in_Java, id=9376, stack(0x00000000290c0000,0x00000000291c0000)]
  0x000000001e325000 JavaThread "Execution worker for ':'" [_thread_blocked, id=14024, stack(0x0000000028fc0000,0x00000000290c0000)]
  0x000000001978d000 JavaThread "Cache worker for file content cache (D:\Desktop\Android Projects\Architectures-Example\.gradle\5.4.1\fileContent)" [_thread_blocked, id=14144, stack(0x0000000028ec0000,0x0000000028fc0000)]
  0x000000001978c000 JavaThread "Cache worker for file content cache (C:\Users\Admin\.gradle\caches\5.4.1\fileContent)" [_thread_blocked, id=14500, stack(0x0000000028dc0000,0x0000000028ec0000)]
  0x000000001978a800 JavaThread "Cache worker for Build Output Cleanup Cache (D:\Desktop\Android Projects\Architectures-Example\.gradle\buildOutputCleanup)" [_thread_blocked, id=15052, stack(0x0000000028cc0000,0x0000000028dc0000)]
  0x000000001978b800 JavaThread "Build operations Thread 6" [_thread_blocked, id=13916, stack(0x0000000028bc0000,0x0000000028cc0000)]
  0x000000001978a000 JavaThread "Build operations Thread 5" [_thread_blocked, id=8836, stack(0x0000000028ac0000,0x0000000028bc0000)]
  0x0000000019782800 JavaThread "Build operations Thread 4" [_thread_blocked, id=12364, stack(0x00000000289c0000,0x0000000028ac0000)]
  0x0000000019789000 JavaThread "Build operations Thread 3" [_thread_blocked, id=10612, stack(0x00000000288c0000,0x00000000289c0000)]
  0x0000000019788800 JavaThread "Build operations Thread 2" [_thread_blocked, id=8956, stack(0x00000000287c0000,0x00000000288c0000)]
  0x0000000019787000 JavaThread "Build operations" [_thread_blocked, id=6844, stack(0x00000000286c0000,0x00000000287c0000)]
  0x0000000019780000 JavaThread "Cache worker for cache directory md-rule (C:\Users\Admin\.gradle\caches\5.4.1\md-rule)" [_thread_blocked, id=9468, stack(0x00000000285c0000,0x00000000286c0000)]
  0x0000000019784800 JavaThread "Cache worker for cache directory md-supplier (C:\Users\Admin\.gradle\caches\5.4.1\md-supplier)" [_thread_blocked, id=10768, stack(0x00000000284c0000,0x00000000285c0000)]
  0x0000000019784000 JavaThread "Cache worker for file hash cache (D:\Desktop\Android Projects\Architectures-Example\.gradle\5.4.1\fileHashes)" [_thread_blocked, id=5588, stack(0x00000000283c0000,0x00000000284c0000)]
  0x0000000019781000 JavaThread "Thread-46" [_thread_blocked, id=6624, stack(0x00000000282c0000,0x00000000283c0000)]
  0x000000001977f800 JavaThread "Stdin handler" [_thread_blocked, id=14704, stack(0x00000000281c0000,0x00000000282c0000)]
  0x0000000019783000 JavaThread "Asynchronous log dispatcher for DefaultDaemonConnection: socket connection from /127.0.0.1:62024 to /127.0.0.1:62263" [_thread_blocked, id=7624, stack(0x00000000280c0000,0x00000000281c0000)]
  0x0000000019786000 JavaThread "Daemon worker Thread 3" [_thread_in_vm, id=10512, stack(0x0000000027fc0000,0x00000000280c0000)]
  0x0000000019785800 JavaThread "Cancel handler" [_thread_blocked, id=16936, stack(0x0000000027ec0000,0x0000000027fc0000)]
  0x000000001977e800 JavaThread "Handler for socket connection from /127.0.0.1:62024 to /127.0.0.1:62263" [_thread_in_native, id=9236, stack(0x0000000027dc0000,0x0000000027ec0000)]
  0x0000000019781800 JavaThread "Daemon Thread 3" [_thread_blocked, id=536, stack(0x0000000027cc0000,0x0000000027dc0000)]
  0x000000001e330000 JavaThread "Memory manager" [_thread_blocked, id=11996, stack(0x0000000024480000,0x0000000024580000)]
  0x000000001a60c000 JavaThread "Cache worker for execution history cache (C:\Users\Admin\.gradle\caches\5.4.1\executionHistory)" [_thread_blocked, id=7320, stack(0x00000000211e0000,0x00000000212e0000)]
  0x000000001a607800 JavaThread "Cache worker for journal cache (C:\Users\Admin\.gradle\caches\journal-1)" [_thread_blocked, id=2240, stack(0x000000001c060000,0x000000001c160000)]
  0x000000001a60c800 JavaThread "File lock request listener" [_thread_in_native, id=9896, stack(0x000000001bf60000,0x000000001c060000)]
  0x000000001a657800 JavaThread "Cache worker for file hash cache (C:\Users\Admin\.gradle\caches\5.4.1\fileHashes)" [_thread_blocked, id=14124, stack(0x000000001be60000,0x000000001bf60000)]
  0x0000000019552000 JavaThread "Daemon periodic checks" [_thread_blocked, id=15940, stack(0x000000001b360000,0x000000001b460000)]
  0x0000000019517800 JavaThread "Incoming local TCP Connector on port 62024" [_thread_in_native, id=12880, stack(0x000000001b120000,0x000000001b220000)]
  0x000000001a5c3000 JavaThread "Daemon health stats" [_thread_blocked, id=10276, stack(0x000000001aae0000,0x000000001abe0000)]
  0x0000000018d7e000 JavaThread "Service Thread" daemon [_thread_blocked, id=15408, stack(0x0000000019110000,0x0000000019210000)]
  0x0000000016ea6800 JavaThread "C1 CompilerThread2" daemon [_thread_blocked, id=3592, stack(0x0000000018c10000,0x0000000018d10000)]
=>0x0000000016ea2000 JavaThread "C2 CompilerThread1" daemon [_thread_in_native, id=14824, stack(0x0000000018b10000,0x0000000018c10000)]
  0x0000000016e9f800 JavaThread "C2 CompilerThread0" daemon [_thread_in_native, id=10996, stack(0x0000000018a10000,0x0000000018b10000)]
  0x0000000016eac000 JavaThread "Attach Listener" daemon [_thread_blocked, id=12284, stack(0x0000000018910000,0x0000000018a10000)]
  0x0000000016eaa000 JavaThread "Signal Dispatcher" daemon [_thread_blocked, id=15948, stack(0x0000000018810000,0x0000000018910000)]
  0x00000000032ec000 JavaThread "Finalizer" daemon [_thread_blocked, id=8788, stack(0x0000000018710000,0x0000000018810000)]
  0x0000000016e8b000 JavaThread "Reference Handler" daemon [_thread_blocked, id=16152, stack(0x0000000018610000,0x0000000018710000)]
  0x0000000002fee800 JavaThread "main" [_thread_blocked, id=3704, stack(0x00000000030f0000,0x00000000031f0000)]

Other Threads:
  0x0000000016e66000 VMThread [stack: 0x0000000018510000,0x0000000018610000] [id=1592]
  0x0000000018d7f000 WatcherThread [stack: 0x0000000019210000,0x0000000019310000] [id=15640]

VM state:not at safepoint (normal execution)

VM Mutex/Monitor currently owned by a thread: None

heap address: 0x00000000a0000000, size: 1536 MB, Compressed Oops mode: 32-bit
Narrow klass base: 0x0000000000000000, Narrow klass shift: 3
Compressed class space size: 1073741824 Address: 0x0000000100000000

Heap:
 PSYoungGen      total 487936K, used 338824K [0x00000000e0000000, 0x0000000100000000, 0x0000000100000000)
  eden space 452096K, 69% used [0x00000000e0000000,0x00000000f34a7818,0x00000000fb980000)
  from space 35840K, 63% used [0x00000000fb980000,0x00000000fcfbabe0,0x00000000fdc80000)
  to   space 36352K, 0% used [0x00000000fdc80000,0x00000000fdc80000,0x0000000100000000)
 ParOldGen       total 227328K, used 130074K [0x00000000a0000000, 0x00000000ade00000, 0x00000000e0000000)
  object space 227328K, 57% used [0x00000000a0000000,0x00000000a7f06818,0x00000000ade00000)
 Metaspace       used 106770K, capacity 110706K, committed 111104K, reserved 1146880K
  class space    used 13369K, capacity 14180K, committed 14336K, reserved 1048576K

Card table byte_map: [0x00000000126b0000,0x00000000129c0000] byte_map_base: 0x00000000121b0000

Marking Bits: (ParMarkBitMap*) 0x00000000735c9f30
 Begin Bits: [0x00000000131c0000, 0x00000000149c0000)
 End Bits:   [0x00000000149c0000, 0x00000000161c0000)

Polling page: 0x0000000001160000

CodeCache: size=245760Kb used=63557Kb max_used=63557Kb free=182202Kb
 bounds [0x00000000032f0000, 0x0000000007150000, 0x00000000122f0000]
 total_blobs=18639 nmethods=17715 adapters=836
 compilation: enabled

Compilation events (10 events):
Event: 1723.657 Thread 0x0000000016ea6800 21787 %     3       com.android.tools.r8.graph.DexString::slowCompareTo @ 2 (152 bytes)
Event: 1723.658 Thread 0x0000000016ea6800 nmethod 21787% 0x0000000007144850 code [0x00000000071449e0, 0x0000000007144f70]
Event: 1723.658 Thread 0x0000000016ea6800 21788       3       com.android.tools.r8.graph.DexString::slowCompareTo (152 bytes)
Event: 1723.658 Thread 0x0000000016ea6800 nmethod 21788 0x0000000007145210 code [0x00000000071453a0, 0x00000000071458f0]
Event: 1723.659 Thread 0x0000000016ea6800 21789 %     3       java.util.concurrent.ConcurrentHashMap$CollectionView::toArray @ 44 (145 bytes)
Event: 1723.660 Thread 0x0000000016ea6800 nmethod 21789% 0x0000000007145b90 code [0x0000000007145dc0, 0x0000000007146bd8]
Event: 1723.660 Thread 0x0000000016ea6800 21790 %     3       com.android.tools.r8.graph.DexItemFactory::a @ 29 (61 bytes)
Event: 1723.661 Thread 0x0000000016ea6800 nmethod 21790% 0x0000000007147190 code [0x00000000071473c0, 0x0000000007148148]
Event: 1723.661 Thread 0x0000000016ea6800 21791       1       com.android.tools.r8.graph.DexValue$DexValueInt::a (1 bytes)
Event: 1723.661 Thread 0x0000000016ea6800 nmethod 21791 0x0000000007148690 code [0x00000000071487e0, 0x00000000071488f0]

GC Heap History (10 events):
Event: 1716.839 GC heap before
{Heap before GC invocations=25 (full 4):
 PSYoungGen      total 484352K, used 462418K [0x00000000e0000000, 0x00000000ffc80000, 0x0000000100000000)
  eden space 446976K, 100% used [0x00000000e0000000,0x00000000fb480000,0x00000000fb480000)
  from space 37376K, 41% used [0x00000000fd800000,0x00000000fe714b10,0x00000000ffc80000)
  to   space 36352K, 0% used [0x00000000fb480000,0x00000000fb480000,0x00000000fd800000)
 ParOldGen       total 227328K, used 93417K [0x00000000a0000000, 0x00000000ade00000, 0x00000000e0000000)
  object space 227328K, 41% used [0x00000000a0000000,0x00000000a5b3a478,0x00000000ade00000)
 Metaspace       used 87968K, capacity 90540K, committed 92416K, reserved 1130496K
  class space    used 11086K, capacity 11703K, committed 12032K, reserved 1048576K
Event: 1716.856 GC heap after
Heap after GC invocations=25 (full 4):
 PSYoungGen      total 483328K, used 13977K [0x00000000e0000000, 0x00000000ffd00000, 0x0000000100000000)
  eden space 446976K, 0% used [0x00000000e0000000,0x00000000e0000000,0x00000000fb480000)
  from space 36352K, 38% used [0x00000000fb480000,0x00000000fc226688,0x00000000fd800000)
  to   space 35328K, 0% used [0x00000000fda80000,0x00000000fda80000,0x00000000ffd00000)
 ParOldGen       total 227328K, used 103034K [0x00000000a0000000, 0x00000000ade00000, 0x00000000e0000000)
  object space 227328K, 45% used [0x00000000a0000000,0x00000000a649ea98,0x00000000ade00000)
 Metaspace       used 87968K, capacity 90540K, committed 92416K, reserved 1130496K
  class space    used 11086K, capacity 11703K, committed 12032K, reserved 1048576K
}
Event: 1720.207 GC heap before
{Heap before GC invocations=26 (full 4):
 PSYoungGen      total 483328K, used 460953K [0x00000000e0000000, 0x00000000ffd00000, 0x0000000100000000)
  eden space 446976K, 100% used [0x00000000e0000000,0x00000000fb480000,0x00000000fb480000)
  from space 36352K, 38% used [0x00000000fb480000,0x00000000fc226688,0x00000000fd800000)
  to   space 35328K, 0% used [0x00000000fda80000,0x00000000fda80000,0x00000000ffd00000)
 ParOldGen       total 227328K, used 103034K [0x00000000a0000000, 0x00000000ade00000, 0x00000000e0000000)
  object space 227328K, 45% used [0x00000000a0000000,0x00000000a649ea98,0x00000000ade00000)
 Metaspace       used 105039K, capacity 108806K, committed 109184K, reserved 1144832K
  class space    used 13289K, capacity 14042K, committed 14208K, reserved 1048576K
Event: 1720.241 GC heap after
Heap after GC invocations=26 (full 4):
 PSYoungGen      total 484864K, used 25872K [0x00000000e0000000, 0x0000000100000000, 0x0000000100000000)
  eden space 449536K, 0% used [0x00000000e0000000,0x00000000e0000000,0x00000000fb700000)
  from space 35328K, 73% used [0x00000000fda80000,0x00000000ff3c4170,0x00000000ffd00000)
  to   space 36352K, 0% used [0x00000000fb700000,0x00000000fb700000,0x00000000fda80000)
 ParOldGen       total 227328K, used 106266K [0x00000000a0000000, 0x00000000ade00000, 0x00000000e0000000)
  object space 227328K, 46% used [0x00000000a0000000,0x00000000a67c6bf0,0x00000000ade00000)
 Metaspace       used 105039K, capacity 108806K, committed 109184K, reserved 1144832K
  class space    used 13289K, capacity 14042K, committed 14208K, reserved 1048576K
}
Event: 1721.175 GC heap before
{Heap before GC invocations=27 (full 4):
 PSYoungGen      total 484864K, used 475408K [0x00000000e0000000, 0x0000000100000000, 0x0000000100000000)
  eden space 449536K, 100% used [0x00000000e0000000,0x00000000fb700000,0x00000000fb700000)
  from space 35328K, 73% used [0x00000000fda80000,0x00000000ff3c4170,0x00000000ffd00000)
  to   space 36352K, 0% used [0x00000000fb700000,0x00000000fb700000,0x00000000fda80000)
 ParOldGen       total 227328K, used 107028K [0x00000000a0000000, 0x00000000ade00000, 0x00000000e0000000)
  object space 227328K, 47% used [0x00000000a0000000,0x00000000a6885398,0x00000000ade00000)
 Metaspace       used 105526K, capacity 109374K, committed 109696K, reserved 1144832K
  class space    used 13323K, capacity 14092K, committed 14208K, reserved 1048576K
Event: 1721.189 GC heap after
Heap after GC invocations=27 (full 4):
 PSYoungGen      total 485888K, used 11685K [0x00000000e0000000, 0x0000000100000000, 0x0000000100000000)
  eden space 449536K, 0% used [0x00000000e0000000,0x00000000e0000000,0x00000000fb700000)
  from space 36352K, 32% used [0x00000000fb700000,0x00000000fc269638,0x00000000fda80000)
  to   space 35840K, 0% used [0x00000000fdd00000,0x00000000fdd00000,0x0000000100000000)
 ParOldGen       total 227328K, used 116268K [0x00000000a0000000, 0x00000000ade00000, 0x00000000e0000000)
  object space 227328K, 51% used [0x00000000a0000000,0x00000000a718b1e8,0x00000000ade00000)
 Metaspace       used 105526K, capacity 109374K, committed 109696K, reserved 1144832K
  class space    used 13323K, capacity 14092K, committed 14208K, reserved 1048576K
}
Event: 1721.794 GC heap before
{Heap before GC invocations=28 (full 4):
 PSYoungGen      total 485888K, used 461221K [0x00000000e0000000, 0x0000000100000000, 0x0000000100000000)
  eden space 449536K, 100% used [0x00000000e0000000,0x00000000fb700000,0x00000000fb700000)
  from space 36352K, 32% used [0x00000000fb700000,0x00000000fc269638,0x00000000fda80000)
  to   space 35840K, 0% used [0x00000000fdd00000,0x00000000fdd00000,0x0000000100000000)
 ParOldGen       total 227328K, used 116270K [0x00000000a0000000, 0x00000000ade00000, 0x00000000e0000000)
  object space 227328K, 51% used [0x00000000a0000000,0x00000000a718bbb0,0x00000000ade00000)
 Metaspace       used 106235K, capacity 110166K, committed 110464K, reserved 1144832K
  class space    used 13336K, capacity 14094K, committed 14208K, reserved 1048576K
Event: 1721.809 GC heap after
Heap after GC invocations=28 (full 4):
 PSYoungGen      total 487424K, used 7678K [0x00000000e0000000, 0x00000000fff80000, 0x0000000100000000)
  eden space 452096K, 0% used [0x00000000e0000000,0x00000000e0000000,0x00000000fb980000)
  from space 35328K, 21% used [0x00000000fdd00000,0x00000000fe47fbd0,0x00000000fff80000)
  to   space 35840K, 0% used [0x00000000fb980000,0x00000000fb980000,0x00000000fdc80000)
 ParOldGen       total 227328K, used 124842K [0x00000000a0000000, 0x00000000ade00000, 0x00000000e0000000)
  object space 227328K, 54% used [0x00000000a0000000,0x00000000a79ea8c8,0x00000000ade00000)
 Metaspace       used 106235K, capacity 110166K, committed 110464K, reserved 1144832K
  class space    used 13336K, capacity 14094K, committed 14208K, reserved 1048576K
}
Event: 1722.451 GC heap before
{Heap before GC invocations=29 (full 4):
 PSYoungGen      total 487424K, used 459774K [0x00000000e0000000, 0x00000000fff80000, 0x0000000100000000)
  eden space 452096K, 100% used [0x00000000e0000000,0x00000000fb980000,0x00000000fb980000)
  from space 35328K, 21% used [0x00000000fdd00000,0x00000000fe47fbd0,0x00000000fff80000)
  to   space 35840K, 0% used [0x00000000fb980000,0x00000000fb980000,0x00000000fdc80000)
 ParOldGen       total 227328K, used 127812K [0x00000000a0000000, 0x00000000ade00000, 0x00000000e0000000)
  object space 227328K, 56% used [0x00000000a0000000,0x00000000a7cd1038,0x00000000ade00000)
 Metaspace       used 106641K, capacity 110598K, committed 110848K, reserved 1146880K
  class space    used 13362K, capacity 14174K, committed 14336K, reserved 1048576K
Event: 1722.535 GC heap after
Heap after GC invocations=29 (full 4):
 PSYoungGen      total 487936K, used 22762K [0x00000000e0000000, 0x0000000100000000, 0x0000000100000000)
  eden space 452096K, 0% used [0x00000000e0000000,0x00000000e0000000,0x00000000fb980000)
  from space 35840K, 63% used [0x00000000fb980000,0x00000000fcfbabe0,0x00000000fdc80000)
  to   space 36352K, 0% used [0x00000000fdc80000,0x00000000fdc80000,0x0000000100000000)
 ParOldGen       total 227328K, used 130074K [0x00000000a0000000, 0x00000000ade00000, 0x00000000e0000000)
  object space 227328K, 57% used [0x00000000a0000000,0x00000000a7f06818,0x00000000ade00000)
 Metaspace       used 106641K, capacity 110598K, committed 110848K, reserved 1146880K
  class space    used 13362K, capacity 14174K, committed 14336K, reserved 1048576K
}

Deoptimization events (10 events):
Event: 1722.437 Thread 0x000000001e32a000 Uncommon trap: reason=unstable_if action=reinterpret pc=0x00000000056cf024 method=java.util.concurrent.ConcurrentHashMap.computeIfAbsent(Ljava/lang/Object;Ljava/util/function/Function;)Ljava/lang/Object; @ 281
Event: 1722.863 Thread 0x000000001e329000 Uncommon trap: reason=class_check action=maybe_recompile pc=0x0000000006818420 method=com.android.tools.r8.ir.analysis.g.e.b(Lcom/android/tools/r8/ir/code/Instruction;)V @ 139
Event: 1722.863 Thread 0x000000001e329000 Uncommon trap: reason=class_check action=maybe_recompile pc=0x0000000006818420 method=com.android.tools.r8.ir.analysis.g.e.b(Lcom/android/tools/r8/ir/code/Instruction;)V @ 139
Event: 1722.863 Thread 0x000000001e329000 Uncommon trap: reason=class_check action=maybe_recompile pc=0x0000000006818420 method=com.android.tools.r8.ir.analysis.g.e.b(Lcom/android/tools/r8/ir/code/Instruction;)V @ 139
Event: 1722.863 Thread 0x000000001e329000 Uncommon trap: reason=class_check action=maybe_recompile pc=0x0000000006818420 method=com.android.tools.r8.ir.analysis.g.e.b(Lcom/android/tools/r8/ir/code/Instruction;)V @ 139
Event: 1723.075 Thread 0x000000001a60d800 Uncommon trap: reason=unstable_if action=reinterpret pc=0x000000000522cc84 method=java.nio.file.FileTreeWalker.getAttributes(Ljava/nio/file/Path;Z)Ljava/nio/file/attribute/BasicFileAttributes; @ 35
Event: 1723.221 Thread 0x000000001a60d800 Uncommon trap: reason=unstable_if action=reinterpret pc=0x0000000005e50770 method=sun.nio.ch.ChannelInputStream.read([BII)I @ 37
Event: 1723.322 Thread 0x000000001e329000 Uncommon trap: reason=unstable_if action=reinterpret pc=0x000000000677cea4 method=com.android.tools.r8.graph.w.j(Ljava/lang/String;)[Ljava/lang/String; @ 148
Event: 1723.349 Thread 0x0000000019786000 Uncommon trap: reason=unstable_if action=reinterpret pc=0x0000000005ebf800 method=com.android.tools.r8.ir.conversion.X.a(I[Lcom/android/tools/r8/ir/conversion/P;Lcom/android/tools/r8/m/a/a/b/d0;)Z @ 55
Event: 1723.486 Thread 0x000000001f182000 Uncommon trap: reason=unstable_if action=reinterpret pc=0x00000000068163c8 method=com.android.tools.r8.graph.DexString.slowCompareTo(Lcom/android/tools/r8/graph/DexString;)I @ 141

Classes redefined (0 events):
No events

Internal exceptions (10 events):
Event: 1723.613 Thread 0x000000001f182000 Exception <a 'sun/nio/fs/WindowsException'> (0x00000000f1dcf700) thrown at [D:\src\AOSP-openjdk-cygwin\jdk8u\hotspot\src\share\vm\prims\jni.cpp, line 710]
Event: 1723.614 Thread 0x000000001f182000 Exception <a 'sun/nio/fs/WindowsException'> (0x00000000f1dd8e48) thrown at [D:\src\AOSP-openjdk-cygwin\jdk8u\hotspot\src\share\vm\prims\jni.cpp, line 710]
Event: 1723.615 Thread 0x000000001f182000 Exception <a 'sun/nio/fs/WindowsException'> (0x00000000f1ddf610) thrown at [D:\src\AOSP-openjdk-cygwin\jdk8u\hotspot\src\share\vm\prims\jni.cpp, line 710]
Event: 1723.617 Thread 0x000000001f182000 Exception <a 'sun/nio/fs/WindowsException'> (0x00000000f1ded4a0) thrown at [D:\src\AOSP-openjdk-cygwin\jdk8u\hotspot\src\share\vm\prims\jni.cpp, line 710]
Event: 1723.619 Thread 0x000000001f182000 Exception <a 'sun/nio/fs/WindowsException'> (0x00000000f1f37440) thrown at [D:\src\AOSP-openjdk-cygwin\jdk8u\hotspot\src\share\vm\prims\jni.cpp, line 710]
Event: 1723.619 Thread 0x000000001f182000 Exception <a 'sun/nio/fs/WindowsException'> (0x00000000f1f40458) thrown at [D:\src\AOSP-openjdk-cygwin\jdk8u\hotspot\src\share\vm\prims\jni.cpp, line 710]
Event: 1723.620 Thread 0x000000001f182000 Exception <a 'sun/nio/fs/WindowsException'> (0x00000000f1f46bc8) thrown at [D:\src\AOSP-openjdk-cygwin\jdk8u\hotspot\src\share\vm\prims\jni.cpp, line 710]
Event: 1723.621 Thread 0x000000001f182000 Exception <a 'sun/nio/fs/WindowsException'> (0x00000000f1f4e028) thrown at [D:\src\AOSP-openjdk-cygwin\jdk8u\hotspot\src\share\vm\prims\jni.cpp, line 710]
Event: 1723.622 Thread 0x000000001f182000 Exception <a 'sun/nio/fs/WindowsException'> (0x00000000f1f54028) thrown at [D:\src\AOSP-openjdk-cygwin\jdk8u\hotspot\src\share\vm\prims\jni.cpp, line 710]
Event: 1723.635 Thread 0x000000001f182000 Exception <a 'sun/nio/fs/WindowsException'> (0x00000000f2366978) thrown at [D:\src\AOSP-openjdk-cygwin\jdk8u\hotspot\src\share\vm\prims\jni.cpp, line 710]

Events (10 events):
Event: 1723.651 Thread 0x000000001f182000 DEOPT PACKING pc=0x000000000688a8a7 sp=0x0000000031a6d480
Event: 1723.651 Thread 0x000000001f182000 DEOPT UNPACKING pc=0x00000000033375d0 sp=0x0000000031a6d1a0 mode 0
Event: 1723.652 Thread 0x000000001f182000 DEOPT PACKING pc=0x000000000688a8a7 sp=0x0000000031a6d550
Event: 1723.652 Thread 0x000000001f182000 DEOPT UNPACKING pc=0x00000000033375d0 sp=0x0000000031a6d270 mode 0
Event: 1723.658 Thread 0x000000001f182000 DEOPT PACKING pc=0x0000000006ca7d11 sp=0x0000000031a6dc20
Event: 1723.658 Thread 0x000000001f182000 DEOPT UNPACKING pc=0x00000000033375d0 sp=0x0000000031a6d918 mode 0
Event: 1723.658 Thread 0x000000001f182000 DEOPT PACKING pc=0x0000000006ca7d11 sp=0x0000000031a6dc20
Event: 1723.658 Thread 0x000000001f182000 DEOPT UNPACKING pc=0x00000000033375d0 sp=0x0000000031a6d918 mode 0
Event: 1723.658 Thread 0x000000001f182000 DEOPT PACKING pc=0x0000000006ca7d11 sp=0x0000000031a6dc10
Event: 1723.658 Thread 0x000000001f182000 DEOPT UNPACKING pc=0x00000000033375d0 sp=0x0000000031a6d908 mode 0


Dynamic libraries:
0x00007ff742d00000 - 0x00007ff742d31000 	C:\Program Files\Android\Android Studio\jre\bin\java.exe
0x00007fffc5040000 - 0x00007fffc5221000 	C:\Windows\SYSTEM32\ntdll.dll
0x00007fffc2710000 - 0x00007fffc27c1000 	C:\Windows\System32\KERNEL32.DLL
0x00007fffc1830000 - 0x00007fffc1aa3000 	C:\Windows\System32\KERNELBASE.dll
0x00007fffc2c90000 - 0x00007fffc2d31000 	C:\Windows\System32\ADVAPI32.dll
0x00007fffc3370000 - 0x00007fffc340e000 	C:\Windows\System32\msvcrt.dll
0x00007fffc24b0000 - 0x00007fffc250b000 	C:\Windows\System32\sechost.dll
0x00007fffc3410000 - 0x00007fffc3534000 	C:\Windows\System32\RPCRT4.dll
0x00007fffc2570000 - 0x00007fffc2701000 	C:\Windows\System32\USER32.dll
0x00007fffc1810000 - 0x00007fffc1830000 	C:\Windows\System32\win32u.dll
0x00007fffc3870000 - 0x00007fffc3898000 	C:\Windows\System32\GDI32.dll
0x00007fffc1670000 - 0x00007fffc1801000 	C:\Windows\System32\gdi32full.dll
0x00007fffc2410000 - 0x00007fffc24af000 	C:\Windows\System32\msvcp_win.dll
0x00007fffc14c0000 - 0x00007fffc15b8000 	C:\Windows\System32\ucrtbase.dll
0x00007fffb54e0000 - 0x00007fffb5749000 	C:\Windows\WinSxS\amd64_microsoft.windows.common-controls_6595b64144ccf1df_6.0.17134.1184_none_d403e8b37c8ca406\COMCTL32.dll
0x00007fffc3540000 - 0x00007fffc3861000 	C:\Windows\System32\combase.dll
0x00007fffc13f0000 - 0x00007fffc1469000 	C:\Windows\System32\bcryptPrimitives.dll
0x00007fffc4f30000 - 0x00007fffc4f5d000 	C:\Windows\System32\IMM32.DLL
0x0000000072d20000 - 0x0000000072df2000 	C:\Program Files\Android\Android Studio\jre\jre\bin\msvcr100.dll
0x0000000072e00000 - 0x0000000073646000 	C:\Program Files\Android\Android Studio\jre\jre\bin\server\jvm.dll
0x00007fffc2b20000 - 0x00007fffc2b28000 	C:\Windows\System32\PSAPI.DLL
0x00007fffb1400000 - 0x00007fffb1409000 	C:\Windows\SYSTEM32\WSOCK32.dll
0x00007fffbb750000 - 0x00007fffbb75a000 	C:\Windows\SYSTEM32\VERSION.dll
0x00007fffbdbd0000 - 0x00007fffbdbf3000 	C:\Windows\SYSTEM32\WINMM.dll
0x00007fffc2dc0000 - 0x00007fffc2e2c000 	C:\Windows\System32\WS2_32.dll
0x00007fffbd770000 - 0x00007fffbd79a000 	C:\Windows\SYSTEM32\winmmbase.dll
0x00007fffc1470000 - 0x00007fffc14b9000 	C:\Windows\System32\cfgmgr32.dll
0x00007fffbd560000 - 0x00007fffbd56f000 	C:\Program Files\Android\Android Studio\jre\jre\bin\verify.dll
0x00007fffbd420000 - 0x00007fffbd449000 	C:\Program Files\Android\Android Studio\jre\jre\bin\java.dll
0x00007fffbcff0000 - 0x00007fffbd006000 	C:\Program Files\Android\Android Studio\jre\jre\bin\zip.dll
0x00007fffc3ae0000 - 0x00007fffc4f25000 	C:\Windows\System32\SHELL32.dll
0x00007fffc38a0000 - 0x00007fffc3949000 	C:\Windows\System32\shcore.dll
0x00007fffc1d00000 - 0x00007fffc2410000 	C:\Windows\System32\windows.storage.dll
0x00007fffc2ac0000 - 0x00007fffc2b11000 	C:\Windows\System32\shlwapi.dll
0x00007fffc13d0000 - 0x00007fffc13e1000 	C:\Windows\System32\kernel.appcore.dll
0x00007fffc13b0000 - 0x00007fffc13cf000 	C:\Windows\System32\profapi.dll
0x00007fffc1360000 - 0x00007fffc13ac000 	C:\Windows\System32\powrprof.dll
0x00007fffc1350000 - 0x00007fffc135a000 	C:\Windows\System32\FLTLIB.DLL
0x00007fffbcc70000 - 0x00007fffbcc8a000 	C:\Program Files\Android\Android Studio\jre\jre\bin\net.dll
0x00007fffb5190000 - 0x00007fffb535a000 	C:\Windows\SYSTEM32\urlmon.dll
0x00007fffb28e0000 - 0x00007fffb2b87000 	C:\Windows\SYSTEM32\iertutil.dll
0x00007fffc0d20000 - 0x00007fffc0d2b000 	C:\Windows\SYSTEM32\CRYPTBASE.DLL
0x00007fffc0b50000 - 0x00007fffc0bb6000 	C:\Windows\system32\mswsock.dll
0x00007fffb9130000 - 0x00007fffb9143000 	C:\Program Files\Android\Android Studio\jre\jre\bin\nio.dll
0x00007fff9b1c0000 - 0x00007fff9b1e6000 	C:\Users\Admin\.gradle\native\29\windows-amd64\native-platform.dll
0x00007fffbd4c0000 - 0x00007fffbd4cd000 	C:\Program Files\Android\Android Studio\jre\jre\bin\management.dll
0x00007fffc0d00000 - 0x00007fffc0d17000 	C:\Windows\SYSTEM32\CRYPTSP.dll
0x00007fffc0700000 - 0x00007fffc0733000 	C:\Windows\system32\rsaenh.dll
0x00007fffc0e30000 - 0x00007fffc0e55000 	C:\Windows\SYSTEM32\bcrypt.dll
0x00007fffc1230000 - 0x00007fffc1258000 	C:\Windows\SYSTEM32\USERENV.dll
0x00007fffc08a0000 - 0x00007fffc08d8000 	C:\Windows\SYSTEM32\IPHLPAPI.DLL
0x00007fffc3ad0000 - 0x00007fffc3ad8000 	C:\Windows\System32\NSI.dll
0x00007fffbb830000 - 0x00007fffbb846000 	C:\Windows\SYSTEM32\dhcpcsvc6.DLL
0x00007fffbb7e0000 - 0x00007fffbb7fa000 	C:\Windows\SYSTEM32\dhcpcsvc.DLL
0x00007fffb7570000 - 0x00007fffb7594000 	C:\Program Files\Android\Android Studio\jre\jre\bin\sunec.dll
0x00007fffc08e0000 - 0x00007fffc099e000 	C:\Windows\SYSTEM32\DNSAPI.dll
0x0000000074130000 - 0x0000000074156000 	C:\Program Files\Bonjour\mdnsNSP.dll
0x00007fffb9220000 - 0x00007fffb922a000 	C:\Windows\System32\rasadhlp.dll
0x00007fffb92e0000 - 0x00007fffb9352000 	C:\Windows\System32\fwpuclnt.dll
0x00007fffbd490000 - 0x00007fffbd49b000 	C:\Program Files\Android\Android Studio\jre\jre\bin\sunmscapi.dll
0x00007fffc1ab0000 - 0x00007fffc1c92000 	C:\Windows\System32\CRYPT32.dll
0x00007fffc1330000 - 0x00007fffc1342000 	C:\Windows\System32\MSASN1.dll
0x0000000066e00000 - 0x0000000066f03000 	C:\Users\Admin\AppData\Local\Temp\sqlite-3.25.2-d06eb382-a306-4154-a142-2eb55c48b4d6-sqlitejdbc.dll

VM Arguments:
jvm_args: -Xmx1536m -Dfile.encoding=windows-1252 -Duser.country=US -Duser.language=en -Duser.variant 
java_command: org.gradle.launcher.daemon.bootstrap.GradleDaemon 5.4.1
java_class_path (initial): C:\Users\Admin\.gradle\wrapper\dists\gradle-5.4.1-all\3221gyojl5jsh0helicew7rwx\gradle-5.4.1\lib\gradle-launcher-5.4.1.jar
Launcher Type: SUN_STANDARD

Environment Variables:
PATH=C:\Windows\system32;C:\Program Files\Java\jdk-11.0.2\bin;C:\Windows\System32\Wbem;C:\Windows\System32\WindowsPowerShell\v1.0\;C:\Windows\System32\OpenSSH\;C:\Program Files (x86)\NVIDIA Corporation\PhysX\Common;C:\Users\Admin\.dnx\bin;C:\Program Files\Microsoft DNX\Dnvm\;C:\Program Files\Microsoft SQL Server\130\Tools\Binn\;C:\Program Files\NVIDIA Corporation\NVIDIA NvDLISR;C:\Program Files\Microsoft SQL Server\120\DTS\Binn\;C:\Program Files\Microsoft SQL Server\Client SDK\ODBC\110\Tools\Binn\;C:\Program Files (x86)\Microsoft SQL Server\120\Tools\Binn\;C:\Program Files\Microsoft SQL Server\120\Tools\Binn\;C:\Program Files (x86)\Microsoft SQL Server\120\Tools\Binn\ManagementStudio\;C:\Program Files (x86)\Microsoft SQL Server\120\DTS\Binn\;C:\Program Files (x86)\Microchip\xc16\v1.36\bin;C:\Program Files (x86)\Microchip\xc8\v2.05\bin;C:\PROGRA~2\PICC;D:\Git\Git\cmd
USERNAME=Admin
OS=Windows_NT
PROCESSOR_IDENTIFIER=Intel64 Family 6 Model 158 Stepping 10, GenuineIntel



---------------  S Y S T E M  ---------------

OS: Windows 10.0 , 64 bit Build 17134 (10.0.17134.753)

CPU:total 6 (initial active 6) (6 cores per cpu, 1 threads per core) family 6 model 158 stepping 10, cmov, cx8, fxsr, mmx, sse, sse2, sse3, ssse3, sse4.1, sse4.2, popcnt, avx, avx2, aes, clmul, erms, 3dnowpref, lzcnt, tsc, tscinvbit, bmi1, bmi2, adx

Memory: 4k page, physical 8303912k(480120k free), swap 16495912k(2980k free)

vm_info: OpenJDK 64-Bit Server VM (25.212-b04) for windows-amd64 JRE (1.8.0_212-release-1586-b04), built by "builder" with MS VC++ 10.0 (VS2010)

time: Tue May 05 20:33:51 2020
timezone: SE Asia Standard Time
elapsed time: 1723 seconds (0d 0h 28m 43s)

