#
# There is insufficient memory for the Java Runtime Environment to continue.
# Native memory allocation (malloc) failed to allocate 1191024 bytes for Chunk::new
# Possible reasons:
#   The system is out of physical RAM or swap space
#   The process is running with CompressedOops enabled, and the Java Heap may be blocking the growth of the native heap
# Possible solutions:
#   Reduce memory load on the system
#   Increase physical memory or swap space
#   Check if swap backing store is full
#   Decrease Java heap size (-Xmx/-Xms)
#   Decrease number of Java threads
#   Decrease Java thread stack sizes (-Xss)
#   Set larger code cache with -XX:ReservedCodeCacheSize=
#   JVM is running with Unscaled Compressed Oops mode in which the Java heap is
#     placed in the first 4GB address space. The Java Heap base address is the
#     maximum limit for the native heap growth. Please use -XX:HeapBaseMinAddress
#     to set the Java Heap base and to place the Java Heap above 4GB virtual address.
# This output file may be truncated or incomplete.
#
#  Out of Memory Error (allocation.cpp:389), pid=16716, tid=0x000000000000190c
#
# JRE version: OpenJDK Runtime Environment (8.0_212-b04) (build 1.8.0_212-release-1586-b04)
# Java VM: OpenJDK 64-Bit Server VM (25.212-b04 mixed mode windows-amd64 compressed oops)
# Failed to write core dump. Minidumps are not enabled by default on client versions of Windows
#

---------------  T H R E A D  ---------------

Current thread (0x00000000170e2800):  JavaThread "C2 CompilerThread1" daemon [_thread_in_native, id=6412, stack(0x0000000018e50000,0x0000000018f50000)]

Stack: [0x0000000018e50000,0x0000000018f50000]
[error occurred during error reporting (printing stack bounds), id 0xc0000005]

Native frames: (J=compiled Java code, j=interpreted, Vv=VM code, C=native code)


Current CompileTask:
C2:  15690 11493       4       com.android.tools.r8.ir.optimize.g::a (394 bytes)


---------------  P R O C E S S  ---------------

Java Threads: ( => current thread )
  0x000000002a154000 JavaThread "WorkerExecutor Queue Thread 5" [_thread_in_Java, id=16248, stack(0x000000002db60000,0x000000002dc60000)]
  0x000000002a155000 JavaThread "ForkJoinPool.commonPool-worker-5" daemon [_thread_blocked, id=16260, stack(0x000000002b420000,0x000000002b520000)]
  0x000000002a152800 JavaThread "ForkJoinPool.commonPool-worker-4" daemon [_thread_blocked, id=16092, stack(0x000000002b320000,0x000000002b420000)]
  0x000000002a151000 JavaThread "ForkJoinPool.commonPool-worker-3" daemon [_thread_blocked, id=9324, stack(0x000000002b220000,0x000000002b320000)]
  0x000000002a152000 JavaThread "ForkJoinPool.commonPool-worker-2" daemon [_thread_blocked, id=15652, stack(0x000000002b120000,0x000000002b220000)]
  0x000000002061b000 JavaThread "ForkJoinPool.commonPool-worker-1" daemon [_thread_blocked, id=8156, stack(0x000000002a030000,0x000000002a130000)]
  0x000000002061a000 JavaThread "WorkerExecutor Queue Thread 4" [_thread_blocked, id=8744, stack(0x00000000267c0000,0x00000000268c0000)]
  0x0000000020615800 JavaThread "WorkerExecutor Queue Thread 3" [_thread_blocked, id=6084, stack(0x00000000266c0000,0x00000000267c0000)]
  0x000000002061c800 JavaThread "WorkerExecutor Queue Thread 2" [_thread_blocked, id=13840, stack(0x00000000265c0000,0x00000000266c0000)]
  0x000000001ca58800 JavaThread "WorkerExecutor Queue" [_thread_blocked, id=6504, stack(0x00000000252f0000,0x00000000253f0000)]
  0x000000001ca57000 JavaThread "Cache worker for execution history cache (D:\Desktop\Android Projects\Architectures-Example\.gradle\5.4.1\executionHistory)" [_thread_blocked, id=4192, stack(0x00000000251f0000,0x00000000252f0000)]
  0x000000001ca55800 JavaThread "Execution worker for ':' Thread 5" [_thread_in_Java, id=10980, stack(0x0000000024ef0000,0x0000000024ff0000)]
  0x000000001ca54800 JavaThread "Execution worker for ':' Thread 4" [_thread_blocked, id=2868, stack(0x0000000024df0000,0x0000000024ef0000)]
  0x000000001ca56000 JavaThread "Execution worker for ':' Thread 3" [_thread_blocked, id=2116, stack(0x0000000024cf0000,0x0000000024df0000)]
  0x000000001ca53800 JavaThread "Execution worker for ':' Thread 2" [_thread_in_Java, id=15488, stack(0x0000000024bf0000,0x0000000024cf0000)]
  0x000000001ca53000 JavaThread "Execution worker for ':'" [_thread_in_Java, id=14520, stack(0x0000000024af0000,0x0000000024bf0000)]
  0x000000001ca57800 JavaThread "Cache worker for file content cache (D:\Desktop\Android Projects\Architectures-Example\.gradle\5.4.1\fileContent)" [_thread_blocked, id=9292, stack(0x00000000245f0000,0x00000000246f0000)]
  0x000000001ca4b800 JavaThread "Cache worker for file content cache (C:\Users\Admin\.gradle\caches\5.4.1\fileContent)" [_thread_blocked, id=8892, stack(0x00000000244f0000,0x00000000245f0000)]
  0x000000001ca4f000 JavaThread "Memory manager" [_thread_blocked, id=3868, stack(0x00000000243f0000,0x00000000244f0000)]
  0x000000001ca50800 JavaThread "Cache worker for Build Output Cleanup Cache (D:\Desktop\Android Projects\Architectures-Example\.gradle\buildOutputCleanup)" [_thread_blocked, id=13716, stack(0x00000000238f0000,0x00000000239f0000)]
  0x000000001ca49000 JavaThread "Build operations Thread 6" [_thread_blocked, id=9000, stack(0x0000000022210000,0x0000000022310000)]
  0x000000001ca4e800 JavaThread "Build operations Thread 5" [_thread_blocked, id=10668, stack(0x0000000022110000,0x0000000022210000)]
  0x000000001ca4a000 JavaThread "Build operations Thread 4" [_thread_blocked, id=4084, stack(0x0000000022010000,0x0000000022110000)]
  0x000000001ca4d800 JavaThread "Build operations Thread 3" [_thread_blocked, id=4028, stack(0x0000000021f10000,0x0000000022010000)]
  0x000000001ca50000 JavaThread "Build operations Thread 2" [_thread_blocked, id=5268, stack(0x0000000021e10000,0x0000000021f10000)]
  0x000000001ca4d000 JavaThread "Build operations" [_thread_blocked, id=1272, stack(0x0000000021d10000,0x0000000021e10000)]
  0x000000001ca4a800 JavaThread "Cache worker for execution history cache (C:\Users\Admin\.gradle\caches\5.4.1\executionHistory)" [_thread_blocked, id=4936, stack(0x0000000021c10000,0x0000000021d10000)]
  0x000000001ca4c000 JavaThread "Cache worker for cache directory md-rule (C:\Users\Admin\.gradle\caches\5.4.1\md-rule)" [_thread_blocked, id=3676, stack(0x0000000021750000,0x0000000021850000)]
  0x000000001aab3000 JavaThread "Cache worker for cache directory md-supplier (C:\Users\Admin\.gradle\caches\5.4.1\md-supplier)" [_thread_blocked, id=1004, stack(0x0000000020000000,0x0000000020100000)]
  0x000000001aab8800 JavaThread "Cache worker for file hash cache (D:\Desktop\Android Projects\Architectures-Example\.gradle\5.4.1\fileHashes)" [_thread_blocked, id=2340, stack(0x000000001fd00000,0x000000001fe00000)]
  0x000000001aab4800 JavaThread "Cache worker for journal cache (C:\Users\Admin\.gradle\caches\journal-1)" [_thread_blocked, id=10208, stack(0x000000001c3a0000,0x000000001c4a0000)]
  0x000000001aab7800 JavaThread "File lock request listener" [_thread_in_native, id=14724, stack(0x000000001c2a0000,0x000000001c3a0000)]
  0x000000001aab4000 JavaThread "Cache worker for file hash cache (C:\Users\Admin\.gradle\caches\5.4.1\fileHashes)" [_thread_blocked, id=5812, stack(0x000000001c1a0000,0x000000001c2a0000)]
  0x000000001aa6e000 JavaThread "Thread-9" [_thread_blocked, id=12700, stack(0x000000001bfa0000,0x000000001c0a0000)]
  0x000000001aa6b000 JavaThread "Stdin handler" [_thread_blocked, id=14672, stack(0x000000001bea0000,0x000000001bfa0000)]
  0x000000001aa6a800 JavaThread "Asynchronous log dispatcher for DefaultDaemonConnection: socket connection from /127.0.0.1:62312 to /127.0.0.1:62313" [_thread_blocked, id=10368, stack(0x000000001bda0000,0x000000001bea0000)]
  0x0000000019364000 JavaThread "Daemon worker" [_thread_blocked, id=11492, stack(0x000000001bca0000,0x000000001bda0000)]
  0x000000001935f000 JavaThread "Cancel handler" [_thread_blocked, id=3616, stack(0x000000001bba0000,0x000000001bca0000)]
  0x0000000019efb000 JavaThread "Handler for socket connection from /127.0.0.1:62312 to /127.0.0.1:62313" [_thread_in_native, id=5556, stack(0x000000001b8a0000,0x000000001b9a0000)]
  0x00000000198a1000 JavaThread "Daemon" [_thread_blocked, id=15788, stack(0x000000001b7a0000,0x000000001b8a0000)]
  0x000000001987b800 JavaThread "Daemon periodic checks" [_thread_blocked, id=9620, stack(0x000000001b6a0000,0x000000001b7a0000)]
  0x000000001984d800 JavaThread "Incoming local TCP Connector on port 62312" [_thread_in_native, id=15704, stack(0x000000001b460000,0x000000001b560000)]
  0x000000001a7c5800 JavaThread "Daemon health stats" [_thread_blocked, id=3240, stack(0x000000001ae20000,0x000000001af20000)]
  0x00000000170fd800 JavaThread "Service Thread" daemon [_thread_blocked, id=6220, stack(0x0000000019450000,0x0000000019550000)]
  0x00000000170e6800 JavaThread "C1 CompilerThread2" daemon [_thread_in_vm, id=6740, stack(0x0000000018f50000,0x0000000019050000)]
=>0x00000000170e2800 JavaThread "C2 CompilerThread1" daemon [_thread_in_native, id=6412, stack(0x0000000018e50000,0x0000000018f50000)]
  0x00000000170df000 JavaThread "C2 CompilerThread0" daemon [_thread_in_native, id=6348, stack(0x0000000018d50000,0x0000000018e50000)]
  0x00000000170dc000 JavaThread "Attach Listener" daemon [_thread_blocked, id=6344, stack(0x0000000018c50000,0x0000000018d50000)]
  0x00000000170e9000 JavaThread "Signal Dispatcher" daemon [_thread_blocked, id=6340, stack(0x0000000018b50000,0x0000000018c50000)]
  0x000000000352e000 JavaThread "Finalizer" daemon [_thread_blocked, id=6276, stack(0x0000000018960000,0x0000000018a60000)]
  0x0000000003525000 JavaThread "Reference Handler" daemon [_thread_blocked, id=6152, stack(0x0000000018860000,0x0000000018960000)]
  0x000000000324e800 JavaThread "main" [_thread_blocked, id=9104, stack(0x0000000003330000,0x0000000003430000)]

Other Threads:
  0x00000000170a7000 VMThread [stack: 0x0000000018760000,0x0000000018860000] [id=5804]
  0x00000000170fe800 WatcherThread [stack: 0x0000000019550000,0x0000000019650000] [id=6676]

VM state:not at safepoint (normal execution)

VM Mutex/Monitor currently owned by a thread: None

heap address: 0x00000000a0000000, size: 1536 MB, Compressed Oops mode: 32-bit
Narrow klass base: 0x0000000000000000, Narrow klass shift: 3
Compressed class space size: 1073741824 Address: 0x0000000100000000

Heap:
 PSYoungGen      total 413184K, used 312592K [0x00000000e0000000, 0x00000000fb180000, 0x0000000100000000)
  eden space 390656K, 78% used [0x00000000e0000000,0x00000000f2c901a8,0x00000000f7d80000)
  from space 22528K, 21% used [0x00000000f9b80000,0x00000000fa034020,0x00000000fb180000)
  to   space 26624K, 0% used [0x00000000f7d80000,0x00000000f7d80000,0x00000000f9780000)
 ParOldGen       total 140288K, used 105618K [0x00000000a0000000, 0x00000000a8900000, 0x00000000e0000000)
  object space 140288K, 75% used [0x00000000a0000000,0x00000000a6724b70,0x00000000a8900000)
 Metaspace       used 71835K, capacity 75074K, committed 75224K, reserved 1114112K
  class space    used 9715K, capacity 10370K, committed 10496K, reserved 1048576K

Card table byte_map: [0x00000000128f0000,0x0000000012c00000] byte_map_base: 0x00000000123f0000

Marking Bits: (ParMarkBitMap*) 0x00000000735c9f30
 Begin Bits: [0x0000000013400000, 0x0000000014c00000)
 End Bits:   [0x0000000014c00000, 0x0000000016400000)

Polling page: 0x0000000001390000

CodeCache: size=245760Kb used=32253Kb max_used=34175Kb free=213506Kb
 bounds [0x0000000003530000, 0x00000000056f0000, 0x0000000012530000]
 total_blobs=10809 nmethods=9992 adapters=728
 compilation: enabled

Compilation events (10 events):
Event: 15.685 Thread 0x00000000170e6800 nmethod 11828 0x0000000004a9ea10 code [0x0000000004a9eb80, 0x0000000004a9ed08]
Event: 15.685 Thread 0x00000000170e6800 11832       2       java.nio.charset.Charset::forName (20 bytes)
Event: 15.686 Thread 0x00000000170e6800 nmethod 11832 0x0000000004d05850 code [0x0000000004d059c0, 0x0000000004d05b78]
Event: 15.686 Thread 0x00000000170e6800 11833       2       com.google.common.collect.ImmutableSet$Builder::add (6 bytes)
Event: 15.686 Thread 0x00000000170e6800 nmethod 11833 0x0000000004aeed10 code [0x0000000004aeeea0, 0x0000000004aef148]
Event: 15.686 Thread 0x00000000170e6800 11829       2       java.lang.String::<init> (38 bytes)
Event: 15.686 Thread 0x00000000170e6800 nmethod 11829 0x0000000004b5a850 code [0x0000000004b5a9e0, 0x0000000004b5ac68]
Event: 15.686 Thread 0x00000000170e6800 11830   !   2       java.lang.StringCoding::decode (216 bytes)
Event: 15.687 Thread 0x00000000170e6800 nmethod 11830 0x0000000004d8c110 code [0x0000000004d8c380, 0x0000000004d8d048]
Event: 15.687 Thread 0x00000000170e6800 11831       2       com.android.builder.files.DirectoryEntry::<init> (27 bytes)

GC Heap History (10 events):
Event: 12.814 GC heap before
{Heap before GC invocations=19 (full 3):
 PSYoungGen      total 205824K, used 196382K [0x00000000e0000000, 0x00000000f2500000, 0x0000000100000000)
  eden space 178688K, 100% used [0x00000000e0000000,0x00000000eae80000,0x00000000eae80000)
  from space 27136K, 65% used [0x00000000eae80000,0x00000000ebfc79c8,0x00000000ec900000)
  to   space 27648K, 0% used [0x00000000f0a00000,0x00000000f0a00000,0x00000000f2500000)
 ParOldGen       total 140288K, used 69320K [0x00000000a0000000, 0x00000000a8900000, 0x00000000e0000000)
  object space 140288K, 49% used [0x00000000a0000000,0x00000000a43b2248,0x00000000a8900000)
 Metaspace       used 69441K, capacity 72478K, committed 72536K, reserved 1112064K
  class space    used 9457K, capacity 10064K, committed 10112K, reserved 1048576K
Event: 12.832 GC heap after
Heap after GC invocations=19 (full 3):
 PSYoungGen      total 265216K, used 4273K [0x00000000e0000000, 0x00000000f2180000, 0x0000000100000000)
  eden space 241152K, 0% used [0x00000000e0000000,0x00000000e0000000,0x00000000eeb80000)
  from space 24064K, 17% used [0x00000000f0a00000,0x00000000f0e2c718,0x00000000f2180000)
  to   space 27648K, 0% used [0x00000000eeb80000,0x00000000eeb80000,0x00000000f0680000)
 ParOldGen       total 140288K, used 86034K [0x00000000a0000000, 0x00000000a8900000, 0x00000000e0000000)
  object space 140288K, 61% used [0x00000000a0000000,0x00000000a54049d0,0x00000000a8900000)
 Metaspace       used 69441K, capacity 72478K, committed 72536K, reserved 1112064K
  class space    used 9457K, capacity 10064K, committed 10112K, reserved 1048576K
}
Event: 13.664 GC heap before
{Heap before GC invocations=20 (full 3):
 PSYoungGen      total 265216K, used 245425K [0x00000000e0000000, 0x00000000f2180000, 0x0000000100000000)
  eden space 241152K, 100% used [0x00000000e0000000,0x00000000eeb80000,0x00000000eeb80000)
  from space 24064K, 17% used [0x00000000f0a00000,0x00000000f0e2c718,0x00000000f2180000)
  to   space 27648K, 0% used [0x00000000eeb80000,0x00000000eeb80000,0x00000000f0680000)
 ParOldGen       total 140288K, used 86038K [0x00000000a0000000, 0x00000000a8900000, 0x00000000e0000000)
  object space 140288K, 61% used [0x00000000a0000000,0x00000000a5405bb0,0x00000000a8900000)
 Metaspace       used 69785K, capacity 72946K, committed 73048K, reserved 1112064K
  class space    used 9475K, capacity 10100K, committed 10112K, reserved 1048576K
Event: 13.688 GC heap after
Heap after GC invocations=20 (full 3):
 PSYoungGen      total 268800K, used 7364K [0x00000000e0000000, 0x00000000f5400000, 0x0000000100000000)
  eden space 241152K, 0% used [0x00000000e0000000,0x00000000e0000000,0x00000000eeb80000)
  from space 27648K, 26% used [0x00000000eeb80000,0x00000000ef2b1118,0x00000000f0680000)
  to   space 26624K, 0% used [0x00000000f3a00000,0x00000000f3a00000,0x00000000f5400000)
 ParOldGen       total 140288K, used 88062K [0x00000000a0000000, 0x00000000a8900000, 0x00000000e0000000)
  object space 140288K, 62% used [0x00000000a0000000,0x00000000a55ffbd0,0x00000000a8900000)
 Metaspace       used 69785K, capacity 72946K, committed 73048K, reserved 1112064K
  class space    used 9475K, capacity 10100K, committed 10112K, reserved 1048576K
}
Event: 13.696 GC heap before
{Heap before GC invocations=21 (full 3):
 PSYoungGen      total 268800K, used 11833K [0x00000000e0000000, 0x00000000f5400000, 0x0000000100000000)
  eden space 241152K, 1% used [0x00000000e0000000,0x00000000e045d610,0x00000000eeb80000)
  from space 27648K, 26% used [0x00000000eeb80000,0x00000000ef2b1118,0x00000000f0680000)
  to   space 26624K, 0% used [0x00000000f3a00000,0x00000000f3a00000,0x00000000f5400000)
 ParOldGen       total 140288K, used 88062K [0x00000000a0000000, 0x00000000a8900000, 0x00000000e0000000)
  object space 140288K, 62% used [0x00000000a0000000,0x00000000a55ffbd0,0x00000000a8900000)
 Metaspace       used 69787K, capacity 72946K, committed 73048K, reserved 1112064K
  class space    used 9475K, capacity 10100K, committed 10112K, reserved 1048576K
Event: 13.716 GC heap after
Heap after GC invocations=21 (full 3):
 PSYoungGen      total 321024K, used 224K [0x00000000e0000000, 0x00000000f7300000, 0x0000000100000000)
  eden space 294400K, 0% used [0x00000000e0000000,0x00000000e0000000,0x00000000f1f80000)
  from space 26624K, 0% used [0x00000000f3a00000,0x00000000f3a38000,0x00000000f5400000)
  to   space 27136K, 0% used [0x00000000f1f80000,0x00000000f1f80000,0x00000000f3a00000)
 ParOldGen       total 140288K, used 94867K [0x00000000a0000000, 0x00000000a8900000, 0x00000000e0000000)
  object space 140288K, 67% used [0x00000000a0000000,0x00000000a5ca4e20,0x00000000a8900000)
 Metaspace       used 69787K, capacity 72946K, committed 73048K, reserved 1112064K
  class space    used 9475K, capacity 10100K, committed 10112K, reserved 1048576K
}
Event: 14.630 GC heap before
{Heap before GC invocations=22 (full 3):
 PSYoungGen      total 321024K, used 294624K [0x00000000e0000000, 0x00000000f7300000, 0x0000000100000000)
  eden space 294400K, 100% used [0x00000000e0000000,0x00000000f1f80000,0x00000000f1f80000)
  from space 26624K, 0% used [0x00000000f3a00000,0x00000000f3a38000,0x00000000f5400000)
  to   space 27136K, 0% used [0x00000000f1f80000,0x00000000f1f80000,0x00000000f3a00000)
 ParOldGen       total 140288K, used 94867K [0x00000000a0000000, 0x00000000a8900000, 0x00000000e0000000)
  object space 140288K, 67% used [0x00000000a0000000,0x00000000a5ca4e20,0x00000000a8900000)
 Metaspace       used 70661K, capacity 73842K, committed 73944K, reserved 1114112K
  class space    used 9585K, capacity 10204K, committed 10240K, reserved 1048576K
Event: 14.693 GC heap after
Heap after GC invocations=22 (full 3):
 PSYoungGen      total 321536K, used 15264K [0x00000000e0000000, 0x00000000fb600000, 0x0000000100000000)
  eden space 294400K, 0% used [0x00000000e0000000,0x00000000e0000000,0x00000000f1f80000)
  from space 27136K, 56% used [0x00000000f1f80000,0x00000000f2e68108,0x00000000f3a00000)
  to   space 27136K, 0% used [0x00000000f9b80000,0x00000000f9b80000,0x00000000fb600000)
 ParOldGen       total 140288K, used 94963K [0x00000000a0000000, 0x00000000a8900000, 0x00000000e0000000)
  object space 140288K, 67% used [0x00000000a0000000,0x00000000a5cbce20,0x00000000a8900000)
 Metaspace       used 70661K, capacity 73842K, committed 73944K, reserved 1114112K
  class space    used 9585K, capacity 10204K, committed 10240K, reserved 1048576K
}
Event: 15.290 GC heap before
{Heap before GC invocations=23 (full 3):
 PSYoungGen      total 321536K, used 309664K [0x00000000e0000000, 0x00000000fb600000, 0x0000000100000000)
  eden space 294400K, 100% used [0x00000000e0000000,0x00000000f1f80000,0x00000000f1f80000)
  from space 27136K, 56% used [0x00000000f1f80000,0x00000000f2e68108,0x00000000f3a00000)
  to   space 27136K, 0% used [0x00000000f9b80000,0x00000000f9b80000,0x00000000fb600000)
 ParOldGen       total 140288K, used 94963K [0x00000000a0000000, 0x00000000a8900000, 0x00000000e0000000)
  object space 140288K, 67% used [0x00000000a0000000,0x00000000a5cbce20,0x00000000a8900000)
 Metaspace       used 70879K, capacity 74058K, committed 74200K, reserved 1114112K
  class space    used 9591K, capacity 10206K, committed 10240K, reserved 1048576K
Event: 15.310 GC heap after
Heap after GC invocations=23 (full 3):
 PSYoungGen      total 413184K, used 4816K [0x00000000e0000000, 0x00000000fb180000, 0x0000000100000000)
  eden space 390656K, 0% used [0x00000000e0000000,0x00000000e0000000,0x00000000f7d80000)
  from space 22528K, 21% used [0x00000000f9b80000,0x00000000fa034020,0x00000000fb180000)
  to   space 26624K, 0% used [0x00000000f7d80000,0x00000000f7d80000,0x00000000f9780000)
 ParOldGen       total 140288K, used 105618K [0x00000000a0000000, 0x00000000a8900000, 0x00000000e0000000)
  object space 140288K, 75% used [0x00000000a0000000,0x00000000a6724b70,0x00000000a8900000)
 Metaspace       used 70879K, capacity 74058K, committed 74200K, reserved 1114112K
  class space    used 9591K, capacity 10206K, committed 10240K, reserved 1048576K
}

Deoptimization events (10 events):
Event: 15.310 Thread 0x0000000003525000 Uncommon trap: reason=unstable_if action=reinterpret pc=0x000000000368b838 method=java.lang.ref.Reference.tryHandlePending(Z)Z @ 20
Event: 15.312 Thread 0x000000001ca55800 Uncommon trap: reason=unstable_if action=reinterpret pc=0x0000000004f3188c method=com.android.tools.r8.ir.code.Position.equals(Ljava/lang/Object;)Z @ 27
Event: 15.326 Thread 0x000000001ca55800 Uncommon trap: reason=unstable_if action=reinterpret pc=0x0000000005643cc4 method=com.android.tools.r8.ir.conversion.N.b(Lcom/android/tools/r8/ir/conversion/IRBuilder;)V @ 2282
Event: 15.451 Thread 0x000000001ca55800 Uncommon trap: reason=unstable_if action=reinterpret pc=0x00000000037ae054 method=com.android.tools.r8.ir.optimize.CodeRewriter.e(Lcom/android/tools/r8/ir/code/Instruction;)Z @ 27
Event: 15.540 Thread 0x000000002a154000 Uncommon trap: reason=bimorphic action=maybe_recompile pc=0x00000000039d538c method=java.util.regex.Pattern$Slice.match(Ljava/util/regex/Matcher;ILjava/lang/CharSequence;)Z @ 75
Event: 15.540 Thread 0x000000002a154000 Uncommon trap: reason=bimorphic action=maybe_recompile pc=0x00000000039d538c method=java.util.regex.Pattern$Slice.match(Ljava/util/regex/Matcher;ILjava/lang/CharSequence;)Z @ 75
Event: 15.540 Thread 0x000000002a154000 Uncommon trap: reason=unstable_if action=reinterpret pc=0x00000000039d536c method=java.util.regex.Matcher.match(II)Z @ 30
Event: 15.540 Thread 0x000000002a154000 Uncommon trap: reason=bimorphic action=maybe_recompile pc=0x00000000039d4114 method=java.util.regex.Pattern$Slice.match(Ljava/util/regex/Matcher;ILjava/lang/CharSequence;)Z @ 75
Event: 15.540 Thread 0x000000002a154000 Uncommon trap: reason=bimorphic action=maybe_recompile pc=0x00000000039d4114 method=java.util.regex.Pattern$Slice.match(Ljava/util/regex/Matcher;ILjava/lang/CharSequence;)Z @ 75
Event: 15.540 Thread 0x000000002a154000 Uncommon trap: reason=unstable_if action=reinterpret pc=0x0000000003b905e0 method=java.util.regex.Pattern$LastNode.match(Ljava/util/regex/Matcher;ILjava/lang/CharSequence;)Z @ 13

Classes redefined (0 events):
No events

Internal exceptions (10 events):
Event: 13.865 Thread 0x000000001ca55800 Exception <a 'sun/nio/fs/WindowsException'> (0x00000000e494a338) thrown at [D:\src\AOSP-openjdk-cygwin\jdk8u\hotspot\src\share\vm\prims\jni.cpp, line 710]
Event: 13.905 Thread 0x000000001ca56000 Exception <a 'java/lang/NoSuchMethodError': <clinit>> (0x00000000e5e7f590) thrown at [D:\src\AOSP-openjdk-cygwin\jdk8u\hotspot\src\share\vm\prims\jni.cpp, line 1614]
Event: 13.906 Thread 0x000000001ca56000 Exception <a 'java/lang/NoSuchMethodError': <clinit>> (0x00000000e5e92770) thrown at [D:\src\AOSP-openjdk-cygwin\jdk8u\hotspot\src\share\vm\prims\jni.cpp, line 1614]
Event: 14.058 Thread 0x0000000020615800 Exception <a 'sun/nio/fs/WindowsException'> (0x00000000e9150ef0) thrown at [D:\src\AOSP-openjdk-cygwin\jdk8u\hotspot\src\share\vm\prims\jni.cpp, line 710]
Event: 14.341 Thread 0x000000002a153800 Implicit null exception at 0x00000000053297af to 0x000000000532989d
Event: 14.796 Thread 0x000000002a15b000 Exception <a 'sun/nio/fs/WindowsException'> (0x00000000e29a5cf0) thrown at [D:\src\AOSP-openjdk-cygwin\jdk8u\hotspot\src\share\vm\prims\jni.cpp, line 710]
Event: 15.464 Thread 0x000000001ca56000 Exception <a 'java/lang/NoSuchMethodError': <clinit>> (0x00000000e6cf15c0) thrown at [D:\src\AOSP-openjdk-cygwin\jdk8u\hotspot\src\share\vm\prims\jni.cpp, line 1614]
Event: 15.474 Thread 0x000000001ca56000 Exception <a 'java/lang/NoSuchMethodError': <clinit>> (0x00000000e7940408) thrown at [D:\src\AOSP-openjdk-cygwin\jdk8u\hotspot\src\share\vm\prims\jni.cpp, line 1614]
Event: 15.498 Thread 0x000000002a154000 Exception <a 'java/lang/NoSuchMethodError': java.lang.Object.lambda$asRunnable$0(Lcom/android/tools/build/apkzlib/utils/IOExceptionRunnable;)V> (0x00000000e8604478) thrown at [D:\src\AOSP-openjdk-cygwin\jdk8u\hotspot\src\share\vm\interpreter\linkResolver.
Event: 15.617 Thread 0x000000002a154000 Exception <a 'java/lang/NoSuchMethodError': java.lang.Object.newSystemTemporaryDirectory()Lcom/android/tools/build/apkzlib/bytestorage/TemporaryDirectory;> (0x00000000ef8a8a48) thrown at [D:\src\AOSP-openjdk-cygwin\jdk8u\hotspot\src\share\vm\interpreter\l

Events (10 events):
Event: 15.676 Thread 0x000000001ca53800 DEOPT PACKING pc=0x0000000004e38002 sp=0x0000000024ceac90
Event: 15.676 loading class com/android/tools/build/apkzlib/zip/ZFileExtension
Event: 15.676 loading class com/android/tools/build/apkzlib/zip/ZFileExtension done
Event: 15.676 loading class com/android/tools/build/apkzlib/utils/IOExceptionFunction
Event: 15.676 Thread 0x000000001ca53800 DEOPT UNPACKING pc=0x00000000035775d0 sp=0x0000000024ceacf8 mode 0
Event: 15.676 loading class com/android/tools/build/apkzlib/utils/IOExceptionFunction done
Event: 15.676 loading class com/android/tools/build/apkzlib/utils/IOExceptionFunction
Event: 15.676 loading class com/android/tools/build/apkzlib/utils/IOExceptionFunction done
Event: 15.678 Thread 0x000000001ca53800 DEOPT PACKING pc=0x0000000004f5afb6 sp=0x0000000024ceacd0
Event: 15.678 Thread 0x000000001ca53800 DEOPT UNPACKING pc=0x00000000035775d0 sp=0x0000000024ceace0 mode 0


Dynamic libraries:
0x00007ff742d00000 - 0x00007ff742d31000 	C:\Program Files\Android\Android Studio\jre\bin\java.exe
0x00007fffc5040000 - 0x00007fffc5221000 	C:\Windows\SYSTEM32\ntdll.dll
0x00007fffc2710000 - 0x00007fffc27c1000 	C:\Windows\System32\KERNEL32.DLL
0x00007fffc1830000 - 0x00007fffc1aa3000 	C:\Windows\System32\KERNELBASE.dll
0x00007fffc2c90000 - 0x00007fffc2d31000 	C:\Windows\System32\ADVAPI32.dll
0x00007fffc3370000 - 0x00007fffc340e000 	C:\Windows\System32\msvcrt.dll
0x00007fffc24b0000 - 0x00007fffc250b000 	C:\Windows\System32\sechost.dll
0x00007fffc3410000 - 0x00007fffc3534000 	C:\Windows\System32\RPCRT4.dll
0x00007fffc2570000 - 0x00007fffc2701000 	C:\Windows\System32\USER32.dll
0x00007fffc1810000 - 0x00007fffc1830000 	C:\Windows\System32\win32u.dll
0x00007fffc3870000 - 0x00007fffc3898000 	C:\Windows\System32\GDI32.dll
0x00007fffc1670000 - 0x00007fffc1801000 	C:\Windows\System32\gdi32full.dll
0x00007fffc2410000 - 0x00007fffc24af000 	C:\Windows\System32\msvcp_win.dll
0x00007fffc14c0000 - 0x00007fffc15b8000 	C:\Windows\System32\ucrtbase.dll
0x00007fffb54e0000 - 0x00007fffb5749000 	C:\Windows\WinSxS\amd64_microsoft.windows.common-controls_6595b64144ccf1df_6.0.17134.1184_none_d403e8b37c8ca406\COMCTL32.dll
0x00007fffc3540000 - 0x00007fffc3861000 	C:\Windows\System32\combase.dll
0x00007fffc13f0000 - 0x00007fffc1469000 	C:\Windows\System32\bcryptPrimitives.dll
0x00007fffc4f30000 - 0x00007fffc4f5d000 	C:\Windows\System32\IMM32.DLL
0x0000000072d20000 - 0x0000000072df2000 	C:\Program Files\Android\Android Studio\jre\jre\bin\msvcr100.dll
0x0000000072e00000 - 0x0000000073646000 	C:\Program Files\Android\Android Studio\jre\jre\bin\server\jvm.dll
0x00007fffc2b20000 - 0x00007fffc2b28000 	C:\Windows\System32\PSAPI.DLL
0x00007fffbdbd0000 - 0x00007fffbdbf3000 	C:\Windows\SYSTEM32\WINMM.dll
0x00007fffbb750000 - 0x00007fffbb75a000 	C:\Windows\SYSTEM32\VERSION.dll
0x00007fffb1400000 - 0x00007fffb1409000 	C:\Windows\SYSTEM32\WSOCK32.dll
0x00007fffc2dc0000 - 0x00007fffc2e2c000 	C:\Windows\System32\WS2_32.dll
0x00007fffbd770000 - 0x00007fffbd79a000 	C:\Windows\SYSTEM32\WINMMBASE.dll
0x00007fffc1470000 - 0x00007fffc14b9000 	C:\Windows\System32\cfgmgr32.dll
0x00007fffbd560000 - 0x00007fffbd56f000 	C:\Program Files\Android\Android Studio\jre\jre\bin\verify.dll
0x00007fffbd420000 - 0x00007fffbd449000 	C:\Program Files\Android\Android Studio\jre\jre\bin\java.dll
0x00007fffbcff0000 - 0x00007fffbd006000 	C:\Program Files\Android\Android Studio\jre\jre\bin\zip.dll
0x00007fffc3ae0000 - 0x00007fffc4f25000 	C:\Windows\System32\SHELL32.dll
0x00007fffc38a0000 - 0x00007fffc3949000 	C:\Windows\System32\shcore.dll
0x00007fffc1d00000 - 0x00007fffc2410000 	C:\Windows\System32\windows.storage.dll
0x00007fffc2ac0000 - 0x00007fffc2b11000 	C:\Windows\System32\shlwapi.dll
0x00007fffc13d0000 - 0x00007fffc13e1000 	C:\Windows\System32\kernel.appcore.dll
0x00007fffc13b0000 - 0x00007fffc13cf000 	C:\Windows\System32\profapi.dll
0x00007fffc1360000 - 0x00007fffc13ac000 	C:\Windows\System32\powrprof.dll
0x00007fffc1350000 - 0x00007fffc135a000 	C:\Windows\System32\FLTLIB.DLL
0x00007fffbcc70000 - 0x00007fffbcc8a000 	C:\Program Files\Android\Android Studio\jre\jre\bin\net.dll
0x00007fffb5190000 - 0x00007fffb535a000 	C:\Windows\SYSTEM32\urlmon.dll
0x00007fffb28e0000 - 0x00007fffb2b87000 	C:\Windows\SYSTEM32\iertutil.dll
0x00007fffc0d20000 - 0x00007fffc0d2b000 	C:\Windows\SYSTEM32\CRYPTBASE.DLL
0x00007fffc0b50000 - 0x00007fffc0bb6000 	C:\Windows\system32\mswsock.dll
0x00007fffb9130000 - 0x00007fffb9143000 	C:\Program Files\Android\Android Studio\jre\jre\bin\nio.dll
0x00007fff9b1c0000 - 0x00007fff9b1e6000 	C:\Users\Admin\.gradle\native\29\windows-amd64\native-platform.dll
0x00007fffbd4c0000 - 0x00007fffbd4cd000 	C:\Program Files\Android\Android Studio\jre\jre\bin\management.dll
0x00007fffc0d00000 - 0x00007fffc0d17000 	C:\Windows\SYSTEM32\CRYPTSP.dll
0x00007fffc0700000 - 0x00007fffc0733000 	C:\Windows\system32\rsaenh.dll
0x00007fffc0e30000 - 0x00007fffc0e55000 	C:\Windows\SYSTEM32\bcrypt.dll
0x00007fffc1230000 - 0x00007fffc1258000 	C:\Windows\SYSTEM32\USERENV.dll
0x00007fffc08a0000 - 0x00007fffc08d8000 	C:\Windows\SYSTEM32\IPHLPAPI.DLL
0x00007fffc3ad0000 - 0x00007fffc3ad8000 	C:\Windows\System32\NSI.dll
0x00007fffbb830000 - 0x00007fffbb846000 	C:\Windows\SYSTEM32\dhcpcsvc6.DLL
0x00007fffbb7e0000 - 0x00007fffbb7fa000 	C:\Windows\SYSTEM32\dhcpcsvc.DLL

VM Arguments:
jvm_args: -Xmx1536m -Dfile.encoding=windows-1252 -Duser.country=US -Duser.language=en -Duser.variant 
java_command: org.gradle.launcher.daemon.bootstrap.GradleDaemon 5.4.1
java_class_path (initial): C:\Users\Admin\.gradle\wrapper\dists\gradle-5.4.1-all\3221gyojl5jsh0helicew7rwx\gradle-5.4.1\lib\gradle-launcher-5.4.1.jar
Launcher Type: SUN_STANDARD

Environment Variables:
PATH=C:\Windows\system32;C:\Program Files\Java\jdk-11.0.2\bin;C:\Windows\System32\Wbem;C:\Windows\System32\WindowsPowerShell\v1.0\;C:\Windows\System32\OpenSSH\;C:\Program Files (x86)\NVIDIA Corporation\PhysX\Common;C:\Users\Admin\.dnx\bin;C:\Program Files\Microsoft DNX\Dnvm\;C:\Program Files\Microsoft SQL Server\130\Tools\Binn\;C:\Program Files\NVIDIA Corporation\NVIDIA NvDLISR;C:\Program Files\Microsoft SQL Server\120\DTS\Binn\;C:\Program Files\Microsoft SQL Server\Client SDK\ODBC\110\Tools\Binn\;C:\Program Files (x86)\Microsoft SQL Server\120\Tools\Binn\;C:\Program Files\Microsoft SQL Server\120\Tools\Binn\;C:\Program Files (x86)\Microsoft SQL Server\120\Tools\Binn\ManagementStudio\;C:\Program Files (x86)\Microsoft SQL Server\120\DTS\Binn\;C:\Program Files (x86)\Microchip\xc16\v1.36\bin;C:\Program Files (x86)\Microchip\xc8\v2.05\bin;C:\PROGRA~2\PICC;D:\Git\Git\cmd
USERNAME=Admin
OS=Windows_NT
PROCESSOR_IDENTIFIER=Intel64 Family 6 Model 158 Stepping 10, GenuineIntel



---------------  S Y S T E M  ---------------

OS: Windows 10.0 , 64 bit Build 17134 (10.0.17134.753)

CPU:total 6 (initial active 6) (6 cores per cpu, 1 threads per core) family 6 model 158 stepping 10, cmov, cx8, fxsr, mmx, sse, sse2, sse3, ssse3, sse4.1, sse4.2, popcnt, avx, avx2, aes, clmul, erms, 3dnowpref, lzcnt, tsc, tscinvbit, bmi1, bmi2, adx

Memory: 4k page, physical 8303912k(496976k free), swap 16495912k(6144k free)

vm_info: OpenJDK 64-Bit Server VM (25.212-b04) for windows-amd64 JRE (1.8.0_212-release-1586-b04), built by "builder" with MS VC++ 10.0 (VS2010)

time: Tue May 05 20:34:25 2020
timezone: SE Asia Standard Time
elapsed time: 15 seconds (0d 0h 0m 15s)

